2025-02-14 22:05:18.811 [info] [main] Log level: Info
2025-02-14 22:05:18.811 [info] [main] Validating found git in: "git"
2025-02-14 22:05:18.811 [info] [main] Using git "2.46.0" from "git"
2025-02-14 22:05:18.811 [info] [Model][doInitialScan] Initial repository scan started
2025-02-14 22:05:18.811 [info] > git rev-parse --show-toplevel [2ms]
2025-02-14 22:05:18.811 [info] fatal: not a git repository (or any parent up to mount point /)
Stopping at filesystem boundary (GIT_DISCOVERY_ACROSS_FILESYSTEM not set).
2025-02-14 22:05:18.811 [info] > git rev-parse --show-toplevel [2ms]
2025-02-14 22:05:18.811 [info] fatal: not a git repository (or any parent up to mount point /)
Stopping at filesystem boundary (GIT_DISCOVERY_ACROSS_FILESYSTEM not set).
2025-02-14 22:05:18.811 [info] > git rev-parse --show-toplevel [2ms]
2025-02-14 22:05:18.811 [info] fatal: not a git repository (or any parent up to mount point /)
Stopping at filesystem boundary (GIT_DISCOVERY_ACROSS_FILESYSTEM not set).
2025-02-14 22:05:18.811 [info] > git rev-parse --show-toplevel [1ms]
2025-02-14 22:05:18.811 [info] fatal: not a git repository (or any parent up to mount point /)
Stopping at filesystem boundary (GIT_DISCOVERY_ACROSS_FILESYSTEM not set).
2025-02-14 22:05:18.811 [info] > git rev-parse --show-toplevel [2ms]
2025-02-14 22:05:18.811 [info] > git rev-parse --git-dir --git-common-dir [1ms]
2025-02-14 22:05:18.811 [info] [Model][openRepository] Opened repository: /workspace/boilerplate-mean-variance-standard-deviation-calculator
2025-02-14 22:05:18.811 [info] [Model][doInitialScan] Initial repository scan completed - repositories (1), closed repositories (0), parent repositories (0), unsafe repositories (0)
2025-02-14 22:05:18.811 [info] > git config --get commit.template [5ms]
2025-02-14 22:05:18.811 [info] > git for-each-ref --format=%(refname)%00%(upstream:short)%00%(objectname)%00%(upstream:track)%00%(upstream:remotename)%00%(upstream:remoteref) refs/heads/main refs/remotes/main [2ms]
2025-02-14 22:05:18.811 [warning] [Git][revParse] Unable to read file: ENOENT: no such file or directory, open '/workspace/boilerplate-mean-variance-standard-deviation-calculator/.git/refs/remotes/origin/main'
2025-02-14 22:05:18.811 [info] > git rev-parse refs/remotes/origin/main [2ms]
2025-02-14 22:05:18.811 [info] > git status -z -uall [5ms]
2025-02-14 22:05:18.811 [info] > git for-each-ref --sort -committerdate --format %(refname) %(objectname) %(*objectname) [2ms]
2025-02-14 22:05:18.811 [info] > git for-each-ref --format=%(refname)%00%(upstream:short)%00%(objectname)%00%(upstream:track)%00%(upstream:remotename)%00%(upstream:remoteref) refs/heads/main refs/remotes/main [6ms]
2025-02-14 22:05:18.811 [info] > git config --get commit.template [4ms]
2025-02-14 22:05:18.811 [info] > git config --local branch.main.vscode-merge-base [4ms]
2025-02-14 22:05:18.811 [info] > git for-each-ref --format=%(refname)%00%(upstream:short)%00%(objectname)%00%(upstream:track)%00%(upstream:remotename)%00%(upstream:remoteref) refs/heads/main refs/remotes/main [5ms]
2025-02-14 22:05:18.811 [warning] [Git][revParse] Unable to read file: ENOENT: no such file or directory, open '/workspace/boilerplate-mean-variance-standard-deviation-calculator/.git/refs/remotes/origin/main'
2025-02-14 22:05:18.811 [info] > git for-each-ref --format=%(refname)%00%(upstream:short)%00%(objectname)%00%(upstream:track)%00%(upstream:remotename)%00%(upstream:remoteref) refs/heads/origin/main refs/remotes/origin/main [4ms]
2025-02-14 22:05:18.811 [info] > git merge-base refs/heads/main refs/remotes/origin/main [9ms]
2025-02-14 22:05:18.811 [info] > git rev-parse refs/remotes/origin/main [17ms]
2025-02-14 22:05:18.811 [info] > git status -z -uall [3ms]
2025-02-14 22:05:18.811 [info] > git diff --name-status -z --diff-filter=ADMR 126bb94a8f8f4535ddcfe5452e188a4625062059...refs/remotes/origin/main [7ms]
2025-02-14 22:05:18.811 [info] > git for-each-ref --sort -committerdate --format %(refname) %(objectname) %(*objectname) [2ms]
2025-02-14 22:05:19.508 [info] > git check-ignore -v -z --stdin [2ms]
2025-02-14 22:05:23.073 [info] > git config --local branch.main.github-pr-owner-number [1ms]
2025-02-14 22:05:23.073 [warning] [Git][config] git config failed: Failed to execute git
2025-02-14 22:05:39.991 [info] > git check-ignore -v -z --stdin [2ms]
2025-02-14 22:06:10.583 [info] > git show --textconv :mean_var_std.py [6ms]
2025-02-14 22:06:10.583 [info] > git ls-files --stage -- /workspace/boilerplate-mean-variance-standard-deviation-calculator/mean_var_std.py [3ms]
2025-02-14 22:06:10.588 [info] > git cat-file -s d1e65a8591020036cf6a558b145b646cdbf6859c [2ms]
2025-02-14 22:07:08.820 [info] > git rev-parse --show-toplevel [2ms]
2025-02-14 22:07:08.820 [info] fatal: not a git repository (or any parent up to mount point /)
Stopping at filesystem boundary (GIT_DISCOVERY_ACROSS_FILESYSTEM not set).
2025-02-14 22:07:18.058 [info] > git blame --root --incremental 5ca8782dfab606d28b9cba600cd6b7db06c6cb78 -- /workspace/boilerplate-mean-variance-standard-deviation-calculator/mean_var_std.py [3ms]
2025-02-14 22:07:31.516 [info] > git config --get commit.template [6ms]
2025-02-14 22:07:31.516 [info] > git for-each-ref --format=%(refname)%00%(upstream:short)%00%(objectname)%00%(upstream:track)%00%(upstream:remotename)%00%(upstream:remoteref) refs/heads/main refs/remotes/main [2ms]
2025-02-14 22:07:31.520 [warning] [Git][revParse] Unable to read file: ENOENT: no such file or directory, open '/workspace/boilerplate-mean-variance-standard-deviation-calculator/.git/refs/remotes/origin/main'
2025-02-14 22:07:31.522 [info] > git rev-parse refs/remotes/origin/main [2ms]
2025-02-14 22:07:31.531 [info] > git status -z -uall [5ms]
2025-02-14 22:07:31.532 [info] > git for-each-ref --sort -committerdate --format %(refname) %(objectname) %(*objectname) [2ms]
2025-02-14 22:07:36.914 [info] > git config --get commit.template [4ms]
2025-02-14 22:07:36.915 [info] > git for-each-ref --format=%(refname)%00%(upstream:short)%00%(objectname)%00%(upstream:track)%00%(upstream:remotename)%00%(upstream:remoteref) refs/heads/main refs/remotes/main [2ms]
2025-02-14 22:07:36.919 [warning] [Git][revParse] Unable to read file: ENOENT: no such file or directory, open '/workspace/boilerplate-mean-variance-standard-deviation-calculator/.git/refs/remotes/origin/main'
2025-02-14 22:07:36.920 [info] > git rev-parse refs/remotes/origin/main [1ms]
2025-02-14 22:07:36.927 [info] > git status -z -uall [4ms]
2025-02-14 22:07:36.929 [info] > git for-each-ref --sort -committerdate --format %(refname) %(objectname) %(*objectname) [2ms]
2025-02-14 22:07:51.269 [info] > git config --get commit.template [4ms]
2025-02-14 22:07:51.270 [info] > git for-each-ref --format=%(refname)%00%(upstream:short)%00%(objectname)%00%(upstream:track)%00%(upstream:remotename)%00%(upstream:remoteref) refs/heads/main refs/remotes/main [2ms]
2025-02-14 22:07:51.274 [warning] [Git][revParse] Unable to read file: ENOENT: no such file or directory, open '/workspace/boilerplate-mean-variance-standard-deviation-calculator/.git/refs/remotes/origin/main'
2025-02-14 22:07:51.275 [info] > git rev-parse refs/remotes/origin/main [1ms]
2025-02-14 22:07:51.283 [info] > git status -z -uall [4ms]
2025-02-14 22:07:51.284 [info] > git for-each-ref --sort -committerdate --format %(refname) %(objectname) %(*objectname) [2ms]
2025-02-14 22:07:56.344 [info] > git config --get commit.template [4ms]
2025-02-14 22:07:56.346 [info] > git for-each-ref --format=%(refname)%00%(upstream:short)%00%(objectname)%00%(upstream:track)%00%(upstream:remotename)%00%(upstream:remoteref) refs/heads/main refs/remotes/main [2ms]
2025-02-14 22:07:56.351 [warning] [Git][revParse] Unable to read file: ENOENT: no such file or directory, open '/workspace/boilerplate-mean-variance-standard-deviation-calculator/.git/refs/remotes/origin/main'
2025-02-14 22:07:56.352 [info] > git rev-parse refs/remotes/origin/main [1ms]
2025-02-14 22:07:56.362 [info] > git status -z -uall [6ms]
2025-02-14 22:07:56.364 [info] > git for-each-ref --sort -committerdate --format %(refname) %(objectname) %(*objectname) [3ms]
2025-02-14 22:08:01.375 [info] > git config --get commit.template [5ms]
2025-02-14 22:08:01.377 [info] > git for-each-ref --format=%(refname)%00%(upstream:short)%00%(objectname)%00%(upstream:track)%00%(upstream:remotename)%00%(upstream:remoteref) refs/heads/main refs/remotes/main [3ms]
2025-02-14 22:08:01.381 [warning] [Git][revParse] Unable to read file: ENOENT: no such file or directory, open '/workspace/boilerplate-mean-variance-standard-deviation-calculator/.git/refs/remotes/origin/main'
2025-02-14 22:08:01.383 [info] > git rev-parse refs/remotes/origin/main [2ms]
2025-02-14 22:08:01.392 [info] > git status -z -uall [5ms]
2025-02-14 22:08:01.394 [info] > git for-each-ref --sort -committerdate --format %(refname) %(objectname) %(*objectname) [2ms]
2025-02-14 22:08:21.331 [info] > git config --get commit.template [5ms]
2025-02-14 22:08:21.333 [info] > git for-each-ref --format=%(refname)%00%(upstream:short)%00%(objectname)%00%(upstream:track)%00%(upstream:remotename)%00%(upstream:remoteref) refs/heads/main refs/remotes/main [2ms]
2025-02-14 22:08:21.337 [warning] [Git][revParse] Unable to read file: ENOENT: no such file or directory, open '/workspace/boilerplate-mean-variance-standard-deviation-calculator/.git/refs/remotes/origin/main'
2025-02-14 22:08:21.339 [info] > git rev-parse refs/remotes/origin/main [2ms]
2025-02-14 22:08:21.346 [info] > git status -z -uall [4ms]
2025-02-14 22:08:21.348 [info] > git for-each-ref --sort -committerdate --format %(refname) %(objectname) %(*objectname) [2ms]
2025-02-14 22:08:27.868 [info] > git config --get commit.template [5ms]
2025-02-14 22:08:27.869 [info] > git for-each-ref --format=%(refname)%00%(upstream:short)%00%(objectname)%00%(upstream:track)%00%(upstream:remotename)%00%(upstream:remoteref) refs/heads/main refs/remotes/main [2ms]
2025-02-14 22:08:27.873 [warning] [Git][revParse] Unable to read file: ENOENT: no such file or directory, open '/workspace/boilerplate-mean-variance-standard-deviation-calculator/.git/refs/remotes/origin/main'
2025-02-14 22:08:27.874 [info] > git rev-parse refs/remotes/origin/main [1ms]
2025-02-14 22:08:27.882 [info] > git status -z -uall [4ms]
2025-02-14 22:08:27.883 [info] > git for-each-ref --sort -committerdate --format %(refname) %(objectname) %(*objectname) [2ms]
2025-02-14 22:08:32.894 [info] > git config --get commit.template [4ms]
2025-02-14 22:08:32.896 [info] > git for-each-ref --format=%(refname)%00%(upstream:short)%00%(objectname)%00%(upstream:track)%00%(upstream:remotename)%00%(upstream:remoteref) refs/heads/main refs/remotes/main [3ms]
2025-02-14 22:08:32.900 [warning] [Git][revParse] Unable to read file: ENOENT: no such file or directory, open '/workspace/boilerplate-mean-variance-standard-deviation-calculator/.git/refs/remotes/origin/main'
2025-02-14 22:08:32.902 [info] > git rev-parse refs/remotes/origin/main [2ms]
2025-02-14 22:08:32.912 [info] > git status -z -uall [6ms]
2025-02-14 22:08:32.913 [info] > git for-each-ref --sort -committerdate --format %(refname) %(objectname) %(*objectname) [2ms]
2025-02-14 22:08:39.859 [info] > git config --get commit.template [4ms]
2025-02-14 22:08:39.861 [info] > git for-each-ref --format=%(refname)%00%(upstream:short)%00%(objectname)%00%(upstream:track)%00%(upstream:remotename)%00%(upstream:remoteref) refs/heads/main refs/remotes/main [2ms]
2025-02-14 22:08:39.864 [warning] [Git][revParse] Unable to read file: ENOENT: no such file or directory, open '/workspace/boilerplate-mean-variance-standard-deviation-calculator/.git/refs/remotes/origin/main'
2025-02-14 22:08:39.866 [info] > git rev-parse refs/remotes/origin/main [1ms]
2025-02-14 22:08:39.873 [info] > git status -z -uall [4ms]
2025-02-14 22:08:39.874 [info] > git for-each-ref --sort -committerdate --format %(refname) %(objectname) %(*objectname) [2ms]
2025-02-14 22:09:04.732 [info] > git rev-parse --show-toplevel [2ms]
2025-02-14 22:09:04.732 [info] fatal: not a git repository (or any parent up to mount point /)
Stopping at filesystem boundary (GIT_DISCOVERY_ACROSS_FILESYSTEM not set).
