2025-02-14 21:45:28.849 [warning] /home/gitpod/.ssh/config: ENOENT: no such file or directory, open '/home/gitpod/.ssh/config'
2025-02-14 21:45:28.849 [info] Activation> Extension version: 0.102.0
2025-02-14 21:45:32.674 [info] Looking for git repository
2025-02-14 21:45:32.674 [info] Found 0 repositories during activation
2025-02-14 21:45:32.674 [info] Git repository found, initializing review manager and pr tree view.
2025-02-14 21:45:32.680 [info] Registering git provider
2025-02-14 21:45:32.680 [info] Review+0> Validate state in progress
2025-02-14 21:45:32.680 [info] Review+0> Validating state...
2025-02-14 21:45:32.937 [info] Found GitHub remote for folder /workspace/boilerplate-mean-variance-standard-deviation-calculator
2025-02-14 21:45:32.939 [info] Trying to use globalState for assignableUsers.
2025-02-14 21:45:32.952 [info] Review+0> No matching pull request metadata found locally for current branch main
2025-02-14 21:45:32.952 [info] Review+0> No matching pull request metadata found on GitHub for current branch main
2025-02-14 21:45:33.213 [info] GlobalState does not exist for assignableUsers.
2025-02-14 21:46:47.377 [info] Repo state for file:///workspace/boilerplate-mean-variance-standard-deviation-calculator changed.
2025-02-14 21:46:47.377 [info] Repo file:///workspace/boilerplate-mean-variance-standard-deviation-calculator has already been setup.
2025-02-14 22:00:20.126 [error] Error signing in to GitHub: Error: 5 NOT_FOUND: no token available
2025-02-14 22:00:20.127 [error] Error: 5 NOT_FOUND: no token available
	at t.callErrorFromStatus (/ide/extensions/gitpod-web/out/extension.js:2:271675)
	at Object.onReceiveStatus (/ide/extensions/gitpod-web/out/extension.js:2:296882)
	at Object.onReceiveStatus (/ide/extensions/gitpod-web/out/extension.js:2:292767)
	at Object.onReceiveStatus (/ide/extensions/gitpod-web/out/extension.js:2:292212)
	at /ide/extensions/gitpod-web/out/extension.js:2:376194
	at process.processTicksAndRejections (node:internal/process/task_queues:77:11)
for call at
	at a.makeUnaryRequest (/ide/extensions/gitpod-web/out/extension.js:2:296423)
	at a.getToken (/ide/extensions/gitpod-web/out/extension.js:2:361597)
	at node:internal/util:432:7
	at new Promise (<anonymous>)
	at bound  (node:internal/util:418:12)
	at A.getToken (/ide/extensions/gitpod-web/out/extension.js:2:1045235)
	at c.loginGitHub (/ide/extensions/gitpod-web/out/extension.js:2:1402967)
	at c.createSession (/ide/extensions/gitpod-web/out/extension.js:2:1403217)
	at gw.$createSession (file:///ide/out/vs/workbench/api/node/extensionHostProcess.js:117:3484)
	at Ay.S (file:///ide/out/vs/workbench/api/node/extensionHostProcess.js:32:132186)
	at Ay.Q (file:///ide/out/vs/workbench/api/node/extensionHostProcess.js:32:131966)
	at Ay.M (file:///ide/out/vs/workbench/api/node/extensionHostProcess.js:32:131055)
	at Ay.L (file:///ide/out/vs/workbench/api/node/extensionHostProcess.js:32:130160)
	at $h.value (file:///ide/out/vs/workbench/api/node/extensionHostProcess.js:32:128957)
	at P.B (file:///ide/out/vs/workbench/api/node/extensionHostProcess.js:30:746)
	at P.fire (file:///ide/out/vs/workbench/api/node/extensionHostProcess.js:30:964)
	at Vn.fire (file:///ide/out/vs/workbench/api/node/extensionHostProcess.js:32:9457)
	at $h.value (file:///ide/out/vs/workbench/api/node/extensionHostProcess.js:175:13296)
	at P.B (file:///ide/out/vs/workbench/api/node/extensionHostProcess.js:30:746)
	at P.fire (file:///ide/out/vs/workbench/api/node/extensionHostProcess.js:30:964)
	at Vn.fire (file:///ide/out/vs/workbench/api/node/extensionHostProcess.js:32:9457)
	at Vm.A (file:///ide/out/vs/workbench/api/node/extensionHostProcess.js:32:12573)
	at $h.value (file:///ide/out/vs/workbench/api/node/extensionHostProcess.js:32:10993)
	at P.B (file:///ide/out/vs/workbench/api/node/extensionHostProcess.js:30:746)
	at P.fire (file:///ide/out/vs/workbench/api/node/extensionHostProcess.js:30:964)
	at n6.acceptChunk (file:///ide/out/vs/workbench/api/node/extensionHostProcess.js:32:7940)
	at $h.value (file:///ide/out/vs/workbench/api/node/extensionHostProcess.js:32:7226)
	at P.B (file:///ide/out/vs/workbench/api/node/extensionHostProcess.js:30:746)
	at P.fire (file:///ide/out/vs/workbench/api/node/extensionHostProcess.js:30:964)
	at wA.z (file:///ide/out/vs/workbench/api/node/extensionHostProcess.js:32:21924)
2025-02-14 22:01:18.301 [info] Review+0> Validate state in progress
2025-02-14 22:01:18.301 [info] Review+0> Validating state...
2025-02-14 22:01:18.563 [info] Found GitHub remote for folder /workspace/boilerplate-mean-variance-standard-deviation-calculator
2025-02-14 22:01:18.564 [info] Using in-memory cached assignable users.
2025-02-14 22:01:18.571 [info] Review+0> No matching pull request metadata found locally for current branch main
2025-02-14 22:01:18.571 [info] Review+0> No matching pull request metadata found on GitHub for current branch main
