2025-02-14 22:05:17.787 [info] Log level: Info
2025-02-14 22:05:17.787 [info] VSCODE_MACHINE_ID: c5c5b70c-6b6c-4aa2-bef5-5f14bd04ed42
2025-02-14 22:05:17.787 [info] VSCODE_SESSION_ID: 914a9b6a-9604-4e76-93dc-c70c5a93d93e1739570715742
2025-02-14 22:05:17.787 [info] VSCODE_VERSION: 1.96.3
2025-02-14 22:05:17.787 [info] VSCODE_APP_NAME: Gitpod Code
2025-02-14 22:05:17.787 [info] VSCODE_APP_HOST: Gitpod
2025-02-14 22:05:17.787 [info] VSCODE_UI_KIND: web
2025-02-14 22:05:17.787 [info] GITPOD_WORKSPACE_CONTEXT_URL: https://github.com/freeCodeCamp/boilerplate-mean-variance-standard-deviation-calculator/
2025-02-14 22:05:17.787 [info] GITPOD_INSTANCE_ID: 636d5b45-71e3-4889-86a3-cbc86da8f4d3
2025-02-14 22:05:17.787 [info] GITPOD_WORKSPACE_URL: https://freecodecam-boilerplate-j9qltcn1a4i.ws-us117.gitpod.io
2025-02-14 22:05:17.787 [info] Gitpod Web 3953e81
2025-02-14 22:05:17.787 [info] Reading sessions from keychain...
2025-02-14 22:05:18.053 [info] Getting sessions for all scopes...
2025-02-14 22:05:18.053 [info] Getting sessions for all scopes...
2025-02-14 22:05:18.054 [info] Getting GitHub sessions for all scopes...
2025-02-14 22:05:18.054 [info] Getting sessions for function:accessCodeSyncStorage...
2025-02-14 22:05:18.054 [info] Got 1 GitHub sessions for all scopes...
2025-02-14 22:05:18.054 [info] Got stored sessions!
2025-02-14 22:05:18.054 [info] Verified session with the following scopes: function:accessCodeSyncStorage function:closePort function:controlAdmission function:deleteEnvVar function:generateNewGitpodToken function:getDefaultWorkspaceImage function:getGitpodTokenScopes function:getIDToken function:getLoggedInUser function:getOpenPorts function:getSupportedWorkspaceClasses function:getTeams function:getToken function:getWorkspace function:getWorkspaceEnvVars function:getWorkspaceOwner function:getWorkspaceTimeout function:getWorkspaceUsers function:guessGitTokenScopes function:isWorkspaceOwner function:openPort function:sendHeartBeat function:setEnvVar function:setWorkspaceTimeout function:stopWorkspace function:takeSnapshot function:trackEvent function:updateGitStatus function:waitForSnapshot resource:contentBlob::*::create/get resource:envVar::*/**::update resource:envVar::*/*::update resource:envVar::freeCodeCamp/boilerplate-mean-variance-standard-deviation-calculator::create/get/update/delete resource:gitpodToken::*::create resource:snapshot::ws-freecodecam-boilerplate-j9qltcn1a4i::create resource:token::*::get resource:userStorage::*::create/get/update resource:workspace::freecodecam-boilerplate-j9qltcn1a4i::get/update resource:workspaceInstance::636d5b45-71e3-4889-86a3-cbc86da8f4d3::get/update/delete
2025-02-14 22:05:18.054 [info] Got 1 verified sessions.
2025-02-14 22:05:18.054 [info] Got 1 sessions for all scopes...
2025-02-14 22:05:18.055 [info] Got 1 sessions for all scopes...
2025-02-14 22:05:18.055 [info] Got 1 sessions for function:accessCodeSyncStorage...
2025-02-14 22:05:18.462 [info] Getting GitHub sessions for all scopes...
2025-02-14 22:05:18.462 [info] Getting GitHub sessions for all scopes...
2025-02-14 22:05:18.462 [info] Getting sessions for all scopes...
2025-02-14 22:05:18.462 [info] Got 1 GitHub sessions for all scopes...
2025-02-14 22:05:18.462 [info] Got 1 GitHub sessions for all scopes...
2025-02-14 22:05:18.462 [info] Got 1 sessions for all scopes...
2025-02-14 22:05:19.298 [info] Getting GitHub sessions for read:user,repo,user:email,workflow...
2025-02-14 22:05:19.299 [info] Got 0 GitHub sessions for read:user,repo,user:email,workflow...
2025-02-14 22:05:20.304 [info] Getting GitHub sessions for project,read:org,read:user,repo,user:email,workflow...
2025-02-14 22:05:20.304 [info] Got 0 GitHub sessions for project,read:org,read:user,repo,user:email,workflow...
2025-02-14 22:05:21.171 [info] Getting GitHub sessions for read:user,repo,user:email,workflow...
2025-02-14 22:05:21.171 [info] Got 0 GitHub sessions for read:user,repo,user:email,workflow...
2025-02-14 22:05:21.853 [info] Getting GitHub sessions for read:user,repo,user:email...
2025-02-14 22:05:21.853 [info] Got 0 GitHub sessions for read:user,repo,user:email...
2025-02-14 22:05:22.546 [info] Getting GitHub sessions for read:user,repo,user:email,workflow...
2025-02-14 22:05:22.546 [info] Got 0 GitHub sessions for read:user,repo,user:email,workflow...
2025-02-14 22:05:51.981 [error] Metrics endpoint responded with 400 Bad Request
