2025-02-14 22:14:12.229 [warning] /home/gitpod/.ssh/config: ENOENT: no such file or directory, open '/home/gitpod/.ssh/config'
2025-02-14 22:14:12.229 [info] Activation> Extension version: 0.102.0
2025-02-14 22:14:15.779 [info] Looking for git repository
2025-02-14 22:14:15.779 [info] Found 0 repositories during activation
2025-02-14 22:14:15.779 [info] Git repository found, initializing review manager and pr tree view.
2025-02-14 22:14:15.784 [info] Registering git provider
2025-02-14 22:14:15.784 [info] Review+0> Validate state in progress
2025-02-14 22:14:15.784 [info] Review+0> Validating state...
2025-02-14 22:14:16.031 [info] Found GitHub remote for folder /workspace/boilerplate-mean-variance-standard-deviation-calculator
2025-02-14 22:14:16.033 [info] Trying to use globalState for assignableUsers.
2025-02-14 22:14:16.039 [info] Review+0> No matching pull request metadata found locally for current branch main
2025-02-14 22:14:16.039 [info] Review+0> No matching pull request metadata found on GitHub for current branch main
2025-02-14 22:14:16.280 [info] GlobalState does not exist for assignableUsers.
2025-02-14 22:15:22.430 [info] Repo state for file:///workspace/boilerplate-mean-variance-standard-deviation-calculator changed.
2025-02-14 22:15:22.430 [info] Repo file:///workspace/boilerplate-mean-variance-standard-deviation-calculator has already been setup.
2025-02-14 22:23:17.220 [info] Repository file:///workspace has been opened
2025-02-14 22:23:17.220 [info] Review+1> Validate state in progress
2025-02-14 22:23:17.220 [info] Review+1> Validating state...
2025-02-14 22:23:17.221 [warning] No remotes found. The following remotes are missing: origin, upstream
2025-02-14 22:23:17.221 [info] No GitHub remotes found for folder /workspace
2025-02-14 22:23:17.221 [info] Trying to use globalState for assignableUsers.
2025-02-14 22:23:17.400 [info] Review+1> Queuing additional validate state
2025-02-14 22:23:17.400 [info] Repo state for file:///workspace changed.
2025-02-14 22:23:17.400 [info] Repo file:///workspace has already been setup.
2025-02-14 22:23:17.871 [info] GlobalState does not exist for assignableUsers.
2025-02-14 22:23:19.851 [info] Review+1> Validating state...
2025-02-14 22:23:19.851 [warning] No remotes found. The following remotes are missing: origin, upstream
2025-02-14 22:23:19.851 [info] No GitHub remotes found for folder /workspace
2025-02-14 22:23:19.851 [info] Using in-memory cached assignable users.
2025-02-14 22:23:19.865 [info] Review+1> No matching pull request metadata found locally for current branch master
2025-02-14 22:23:19.874 [info] Review+1> No matching pull request metadata found on GitHub for current branch master
