2025-02-14 22:06:11.332 [warning] Dir "/workspace/.pixi/envs" is not watchable (directory does not exist)
2025-02-14 22:06:11.332 [info] Starting Environment refresh
2025-02-14 22:06:11.332 [info] Starting Environment refresh
2025-02-14 22:06:11.332 [info] > hatch env show --json
2025-02-14 22:06:11.332 [info] cwd: .
2025-02-14 22:06:11.332 [info] Python interpreter path: ~/.pyenv/shims/python
2025-02-14 22:06:11.342 [info] > ~/.pyenv/shims/python -I ./.vscode-remote/extensions/ms-python.python-2025.0.0-universal/python_files/get_output_via_markers.py ./.vscode-remote/extensions/ms-python.python-2025.0.0-universal/python_files/interpreterInfo.py
2025-02-14 22:06:11.342 [info] Environments refresh paths discovered: 79 milliseconds
2025-02-14 22:06:11.343 [info] Environments refresh paths discovered: 79 milliseconds
2025-02-14 22:06:11.445 [info] Environments refresh finished (event): 182 milliseconds
2025-02-14 22:06:11.446 [info] Environments refresh finished (event): 181 milliseconds
2025-02-14 22:06:11.447 [info] Environment refresh took 185 milliseconds
2025-02-14 22:06:11.448 [info] Environment refresh took 184 milliseconds
2025-02-14 22:06:11.452 [info] > ~/.pyenv/bin/pyenv which python
2025-02-14 22:06:11.452 [info] cwd: .
2025-02-14 22:06:14.299 [info] Starting Jedi language server for workspace.
2025-02-14 22:07:31.800 [info] Discover tests for workspace name: workspace - uri: /workspace/boilerplate-mean-variance-standard-deviation-calculator/mean_var_std.py
2025-02-14 22:07:37.289 [info] Discover tests for workspace name: workspace - uri: /workspace/boilerplate-mean-variance-standard-deviation-calculator/mean_var_std.py
2025-02-14 22:07:50.914 [info] Discover tests for workspace name: workspace - uri: /workspace/boilerplate-mean-variance-standard-deviation-calculator/mean_var_std.py
2025-02-14 22:07:56.380 [info] Discover tests for workspace name: workspace - uri: /workspace/boilerplate-mean-variance-standard-deviation-calculator/mean_var_std.py
2025-02-14 22:08:01.900 [info] Discover tests for workspace name: workspace - uri: /workspace/boilerplate-mean-variance-standard-deviation-calculator/mean_var_std.py
2025-02-14 22:08:21.716 [info] Discover tests for workspace name: workspace - uri: /workspace/boilerplate-mean-variance-standard-deviation-calculator/mean_var_std.py
2025-02-14 22:08:28.440 [info] Discover tests for workspace name: workspace - uri: /workspace/boilerplate-mean-variance-standard-deviation-calculator/mean_var_std.py
2025-02-14 22:08:33.506 [info] Discover tests for workspace name: workspace - uri: /workspace/boilerplate-mean-variance-standard-deviation-calculator/mean_var_std.py
2025-02-14 22:08:41.730 [info] Discover tests for workspace name: workspace - uri: /workspace/boilerplate-mean-variance-standard-deviation-calculator/mean_var_std.py
2025-02-14 22:08:49.851 [info] Send text to terminal: /home/gitpod/.pyenv/shims/python /workspace/boilerplate-mean-variance-standard-deviation-calculator/mean_var_std.py
2025-02-14 22:08:50.374 [info] Send text to terminal: /home/gitpod/.pyenv/shims/python /workspace/boilerplate-mean-variance-standard-deviation-calculator/mean_var_std.py
2025-02-14 22:09:30.341 [info] Selected workspace /workspace for creating virtual environment.
2025-02-14 22:09:30.347 [info] Starting Environment refresh
2025-02-14 22:09:30.347 [info] Searching for interpreters in posix paths locator
2025-02-14 22:09:30.348 [info] Searching for pyenv environments
2025-02-14 22:09:30.348 [info] Searching for conda environments
2025-02-14 22:09:30.348 [info] Searching for global virtual environments
2025-02-14 22:09:30.348 [info] Searching for custom virtual environments
2025-02-14 22:09:30.353 [info] > conda info --json
2025-02-14 22:09:30.356 [info] Finished searching for custom virtual envs: 8 milliseconds
2025-02-14 22:09:30.357 [info] Finished searching for global virtual envs: 9 milliseconds
2025-02-14 22:09:30.362 [info] Found: /bin/python3 --> /bin/python3.10
2025-02-14 22:09:30.362 [info] Found: /bin/python3.10 --> /bin/python3.10
2025-02-14 22:09:30.364 [info] Finished searching for pyenv environments: 17 milliseconds
2025-02-14 22:09:30.369 [info] Found: /usr/bin/python3 --> /usr/bin/python3.10
2025-02-14 22:09:30.369 [info] Found: /usr/bin/python3.10 --> /usr/bin/python3.10
2025-02-14 22:09:30.373 [info] > ~/.pyenv/versions/3.8.20/bin/python -I ./.vscode-remote/extensions/ms-python.python-2025.0.0-universal/python_files/get_output_via_markers.py ./.vscode-remote/extensions/ms-python.python-2025.0.0-universal/python_files/interpreterInfo.py
2025-02-14 22:09:30.387 [info] Finished searching for interpreters in posix paths locator: 38 milliseconds
2025-02-14 22:09:30.387 [info] > /bin/python3 -I ./.vscode-remote/extensions/ms-python.python-2025.0.0-universal/python_files/get_output_via_markers.py ./.vscode-remote/extensions/ms-python.python-2025.0.0-universal/python_files/interpreterInfo.py
2025-02-14 22:09:30.390 [info] Environments refresh paths discovered (event): 44 milliseconds
2025-02-14 22:09:30.390 [info] Environments refresh paths discovered: 44 milliseconds
2025-02-14 22:09:30.409 [info] > /usr/bin/python3 -I ./.vscode-remote/extensions/ms-python.python-2025.0.0-universal/python_files/get_output_via_markers.py ./.vscode-remote/extensions/ms-python.python-2025.0.0-universal/python_files/interpreterInfo.py
2025-02-14 22:09:30.436 [info] Environments refresh finished (event): 90 milliseconds
2025-02-14 22:09:30.440 [info] Environment refresh took 95 milliseconds
2025-02-14 22:13:01.456 [info] Send text to terminal:  /usr/bin/env /home/gitpod/.pyenv/shims/python /workspace/.vscode-remote/extensions/ms-python.debugpy-2025.0.1-linux-x64/bundled/libs/debugpy/adapter/../../debugpy/launcher 35431 -- /workspace/boilerplate-mean-variance-standard-deviation-calculator/mean_var_std.py 
