2025-02-14 22:14:11.829 [info] [main] Log level: Info
2025-02-14 22:14:11.829 [info] [main] Validating found git in: "git"
2025-02-14 22:14:11.829 [info] [main] Using git "2.46.0" from "git"
2025-02-14 22:14:11.829 [info] [Model][doInitialScan] Initial repository scan started
2025-02-14 22:14:11.829 [info] > git rev-parse --show-toplevel [3ms]
2025-02-14 22:14:11.829 [info] fatal: not a git repository (or any parent up to mount point /)
Stopping at filesystem boundary (GIT_DISCOVERY_ACROSS_FILESYSTEM not set).
2025-02-14 22:14:11.829 [info] > git rev-parse --show-toplevel [2ms]
2025-02-14 22:14:11.829 [info] > git rev-parse --git-dir --git-common-dir [5ms]
2025-02-14 22:14:11.829 [info] [Model][openRepository] Opened repository: /workspace/boilerplate-mean-variance-standard-deviation-calculator
2025-02-14 22:14:11.829 [info] > git config --get commit.template [4ms]
2025-02-14 22:14:11.829 [info] > git rev-parse --show-toplevel [10ms]
2025-02-14 22:14:11.829 [info] fatal: not a git repository (or any parent up to mount point /)
Stopping at filesystem boundary (GIT_DISCOVERY_ACROSS_FILESYSTEM not set).
2025-02-14 22:14:11.829 [info] > git for-each-ref --format=%(refname)%00%(upstream:short)%00%(objectname)%00%(upstream:track)%00%(upstream:remotename)%00%(upstream:remoteref) refs/heads/main refs/remotes/main [4ms]
2025-02-14 22:14:11.829 [warning] [Git][revParse] Unable to read file: ENOENT: no such file or directory, open '/workspace/boilerplate-mean-variance-standard-deviation-calculator/.git/refs/remotes/origin/main'
2025-02-14 22:14:11.829 [info] > git rev-parse --show-toplevel [100ms]
2025-02-14 22:14:11.829 [info] fatal: not a git repository (or any parent up to mount point /)
Stopping at filesystem boundary (GIT_DISCOVERY_ACROSS_FILESYSTEM not set).
2025-02-14 22:14:11.829 [info] > git rev-parse refs/remotes/origin/main [5ms]
2025-02-14 22:14:11.829 [info] > git status -z -uall [4ms]
2025-02-14 22:14:11.829 [info] > git rev-parse --show-toplevel [10ms]
2025-02-14 22:14:11.829 [info] fatal: not a git repository (or any parent up to mount point /)
Stopping at filesystem boundary (GIT_DISCOVERY_ACROSS_FILESYSTEM not set).
2025-02-14 22:14:11.829 [info] [Model][doInitialScan] Initial repository scan completed - repositories (1), closed repositories (0), parent repositories (0), unsafe repositories (0)
2025-02-14 22:14:11.829 [info] > git for-each-ref --sort -committerdate --format %(refname) %(objectname) %(*objectname) [3ms]
2025-02-14 22:14:11.829 [info] > git for-each-ref --format=%(refname)%00%(upstream:short)%00%(objectname)%00%(upstream:track)%00%(upstream:remotename)%00%(upstream:remoteref) refs/heads/main refs/remotes/main [6ms]
2025-02-14 22:14:11.829 [info] > git config --get commit.template [5ms]
2025-02-14 22:14:11.829 [info] > git config --local branch.main.vscode-merge-base [6ms]
2025-02-14 22:14:11.829 [info] > git for-each-ref --format=%(refname)%00%(upstream:short)%00%(objectname)%00%(upstream:track)%00%(upstream:remotename)%00%(upstream:remoteref) refs/heads/main refs/remotes/main [5ms]
2025-02-14 22:14:11.829 [warning] [Git][revParse] Unable to read file: ENOENT: no such file or directory, open '/workspace/boilerplate-mean-variance-standard-deviation-calculator/.git/refs/remotes/origin/main'
2025-02-14 22:14:11.830 [info] > git for-each-ref --format=%(refname)%00%(upstream:short)%00%(objectname)%00%(upstream:track)%00%(upstream:remotename)%00%(upstream:remoteref) refs/heads/origin/main refs/remotes/origin/main [5ms]
2025-02-14 22:14:11.830 [info] > git rev-parse refs/remotes/origin/main [23ms]
2025-02-14 22:14:11.830 [info] > git status -z -uall [5ms]
2025-02-14 22:14:11.830 [info] > git merge-base refs/heads/main refs/remotes/origin/main [10ms]
2025-02-14 22:14:11.830 [info] > git for-each-ref --sort -committerdate --format %(refname) %(objectname) %(*objectname) [5ms]
2025-02-14 22:14:11.830 [info] > git diff --name-status -z --diff-filter=ADMR 126bb94a8f8f4535ddcfe5452e188a4625062059...refs/remotes/origin/main [7ms]
2025-02-14 22:14:11.830 [info] > git merge-base refs/heads/main refs/remotes/origin/main [2ms]
2025-02-14 22:14:11.830 [info] > git diff --name-status -z --diff-filter=ADMR 126bb94a8f8f4535ddcfe5452e188a4625062059...refs/remotes/origin/main [2ms]
2025-02-14 22:14:12.481 [info] > git check-ignore -v -z --stdin [1ms]
2025-02-14 22:14:12.529 [info] > git show --textconv :mean_var_std.py [7ms]
2025-02-14 22:14:12.529 [info] > git ls-files --stage -- /workspace/boilerplate-mean-variance-standard-deviation-calculator/mean_var_std.py [3ms]
2025-02-14 22:14:12.535 [info] > git cat-file -s d1e65a8591020036cf6a558b145b646cdbf6859c [3ms]
2025-02-14 22:14:12.890 [info] > git blame --root --incremental 5ca8782dfab606d28b9cba600cd6b7db06c6cb78 -- /workspace/boilerplate-mean-variance-standard-deviation-calculator/mean_var_std.py [3ms]
2025-02-14 22:14:16.038 [info] > git config --local branch.main.github-pr-owner-number [2ms]
2025-02-14 22:14:16.038 [warning] [Git][config] git config failed: Failed to execute git
2025-02-14 22:15:22.410 [info] > git config --get commit.template [5ms]
2025-02-14 22:15:22.412 [info] > git for-each-ref --format=%(refname)%00%(upstream:short)%00%(objectname)%00%(upstream:track)%00%(upstream:remotename)%00%(upstream:remoteref) refs/heads/main refs/remotes/main [3ms]
2025-02-14 22:15:22.416 [warning] [Git][revParse] Unable to read file: ENOENT: no such file or directory, open '/workspace/boilerplate-mean-variance-standard-deviation-calculator/.git/refs/remotes/origin/main'
2025-02-14 22:15:22.417 [info] > git rev-parse refs/remotes/origin/main [1ms]
2025-02-14 22:15:22.426 [info] > git status -z -uall [5ms]
2025-02-14 22:15:22.428 [info] > git for-each-ref --sort -committerdate --format %(refname) %(objectname) %(*objectname) [3ms]
2025-02-14 22:15:27.442 [info] > git config --get commit.template [4ms]
2025-02-14 22:15:27.443 [info] > git for-each-ref --format=%(refname)%00%(upstream:short)%00%(objectname)%00%(upstream:track)%00%(upstream:remotename)%00%(upstream:remoteref) refs/heads/main refs/remotes/main [2ms]
2025-02-14 22:15:27.447 [warning] [Git][revParse] Unable to read file: ENOENT: no such file or directory, open '/workspace/boilerplate-mean-variance-standard-deviation-calculator/.git/refs/remotes/origin/main'
2025-02-14 22:15:27.448 [info] > git rev-parse refs/remotes/origin/main [1ms]
2025-02-14 22:15:27.457 [info] > git status -z -uall [5ms]
2025-02-14 22:15:27.459 [info] > git for-each-ref --sort -committerdate --format %(refname) %(objectname) %(*objectname) [2ms]
2025-02-14 22:15:32.472 [info] > git config --get commit.template [4ms]
2025-02-14 22:15:32.474 [info] > git for-each-ref --format=%(refname)%00%(upstream:short)%00%(objectname)%00%(upstream:track)%00%(upstream:remotename)%00%(upstream:remoteref) refs/heads/main refs/remotes/main [2ms]
2025-02-14 22:15:32.479 [warning] [Git][revParse] Unable to read file: ENOENT: no such file or directory, open '/workspace/boilerplate-mean-variance-standard-deviation-calculator/.git/refs/remotes/origin/main'
2025-02-14 22:15:32.481 [info] > git rev-parse refs/remotes/origin/main [2ms]
2025-02-14 22:15:32.490 [info] > git status -z -uall [5ms]
2025-02-14 22:15:32.492 [info] > git for-each-ref --sort -committerdate --format %(refname) %(objectname) %(*objectname) [2ms]
2025-02-14 22:15:53.707 [info] > git config --get commit.template [5ms]
2025-02-14 22:15:53.709 [info] > git for-each-ref --format=%(refname)%00%(upstream:short)%00%(objectname)%00%(upstream:track)%00%(upstream:remotename)%00%(upstream:remoteref) refs/heads/main refs/remotes/main [2ms]
2025-02-14 22:15:53.713 [warning] [Git][revParse] Unable to read file: ENOENT: no such file or directory, open '/workspace/boilerplate-mean-variance-standard-deviation-calculator/.git/refs/remotes/origin/main'
2025-02-14 22:15:53.714 [info] > git rev-parse refs/remotes/origin/main [1ms]
2025-02-14 22:15:53.722 [info] > git status -z -uall [4ms]
2025-02-14 22:15:53.724 [info] > git for-each-ref --sort -committerdate --format %(refname) %(objectname) %(*objectname) [2ms]
2025-02-14 22:16:00.157 [info] > git config --get commit.template [4ms]
2025-02-14 22:16:00.159 [info] > git for-each-ref --format=%(refname)%00%(upstream:short)%00%(objectname)%00%(upstream:track)%00%(upstream:remotename)%00%(upstream:remoteref) refs/heads/main refs/remotes/main [3ms]
2025-02-14 22:16:00.163 [warning] [Git][revParse] Unable to read file: ENOENT: no such file or directory, open '/workspace/boilerplate-mean-variance-standard-deviation-calculator/.git/refs/remotes/origin/main'
2025-02-14 22:16:00.164 [info] > git rev-parse refs/remotes/origin/main [2ms]
2025-02-14 22:16:00.174 [info] > git status -z -uall [5ms]
2025-02-14 22:16:00.176 [info] > git for-each-ref --sort -committerdate --format %(refname) %(objectname) %(*objectname) [2ms]
2025-02-14 22:16:05.219 [info] > git config --get commit.template [6ms]
2025-02-14 22:16:05.221 [info] > git for-each-ref --format=%(refname)%00%(upstream:short)%00%(objectname)%00%(upstream:track)%00%(upstream:remotename)%00%(upstream:remoteref) refs/heads/main refs/remotes/main [2ms]
2025-02-14 22:16:05.225 [warning] [Git][revParse] Unable to read file: ENOENT: no such file or directory, open '/workspace/boilerplate-mean-variance-standard-deviation-calculator/.git/refs/remotes/origin/main'
2025-02-14 22:16:05.226 [info] > git rev-parse refs/remotes/origin/main [1ms]
2025-02-14 22:16:05.236 [info] > git status -z -uall [4ms]
2025-02-14 22:16:05.237 [info] > git for-each-ref --sort -committerdate --format %(refname) %(objectname) %(*objectname) [2ms]
2025-02-14 22:16:10.251 [info] > git config --get commit.template [5ms]
2025-02-14 22:16:10.253 [info] > git for-each-ref --format=%(refname)%00%(upstream:short)%00%(objectname)%00%(upstream:track)%00%(upstream:remotename)%00%(upstream:remoteref) refs/heads/main refs/remotes/main [2ms]
2025-02-14 22:16:10.258 [warning] [Git][revParse] Unable to read file: ENOENT: no such file or directory, open '/workspace/boilerplate-mean-variance-standard-deviation-calculator/.git/refs/remotes/origin/main'
2025-02-14 22:16:10.260 [info] > git rev-parse refs/remotes/origin/main [2ms]
2025-02-14 22:16:10.271 [info] > git status -z -uall [6ms]
2025-02-14 22:16:10.272 [info] > git for-each-ref --sort -committerdate --format %(refname) %(objectname) %(*objectname) [2ms]
2025-02-14 22:17:21.049 [info] > git rev-parse --show-toplevel [1ms]
2025-02-14 22:17:21.049 [info] fatal: not a git repository (or any parent up to mount point /)
Stopping at filesystem boundary (GIT_DISCOVERY_ACROSS_FILESYSTEM not set).
2025-02-14 22:17:26.305 [info] > git check-ignore -v -z --stdin [3ms]
2025-02-14 22:17:53.740 [info] > git rev-parse --show-toplevel [1ms]
2025-02-14 22:17:53.740 [info] fatal: not a git repository (or any parent up to mount point /)
Stopping at filesystem boundary (GIT_DISCOVERY_ACROSS_FILESYSTEM not set).
2025-02-14 22:18:24.137 [info] > git rev-parse --show-toplevel [2ms]
2025-02-14 22:18:24.137 [info] fatal: not a git repository (or any parent up to mount point /)
Stopping at filesystem boundary (GIT_DISCOVERY_ACROSS_FILESYSTEM not set).
2025-02-14 22:18:32.115 [info] > git show --textconv :main.py [5ms]
2025-02-14 22:18:32.117 [info] > git ls-files --stage -- /workspace/boilerplate-mean-variance-standard-deviation-calculator/main.py [2ms]
2025-02-14 22:18:32.124 [info] > git cat-file -s cbe86e5a6413a857e63930ff93f6d8d1574e7ce9 [2ms]
2025-02-14 22:18:39.329 [info] > git blame --root --incremental 5ca8782dfab606d28b9cba600cd6b7db06c6cb78 -- /workspace/boilerplate-mean-variance-standard-deviation-calculator/main.py [3ms]
2025-02-14 22:18:45.086 [info] > git rev-parse --show-toplevel [1ms]
2025-02-14 22:18:45.086 [info] fatal: not a git repository (or any parent up to mount point /)
Stopping at filesystem boundary (GIT_DISCOVERY_ACROSS_FILESYSTEM not set).
2025-02-14 22:18:45.589 [info] > git config --get commit.template [5ms]
2025-02-14 22:18:45.590 [info] > git for-each-ref --format=%(refname)%00%(upstream:short)%00%(objectname)%00%(upstream:track)%00%(upstream:remotename)%00%(upstream:remoteref) refs/heads/main refs/remotes/main [2ms]
2025-02-14 22:18:45.594 [warning] [Git][revParse] Unable to read file: ENOENT: no such file or directory, open '/workspace/boilerplate-mean-variance-standard-deviation-calculator/.git/refs/remotes/origin/main'
2025-02-14 22:18:45.596 [info] > git rev-parse refs/remotes/origin/main [2ms]
2025-02-14 22:18:45.604 [info] > git status -z -uall [4ms]
2025-02-14 22:18:45.605 [info] > git for-each-ref --sort -committerdate --format %(refname) %(objectname) %(*objectname) [2ms]
2025-02-14 22:18:45.821 [info] > git check-ignore -v -z --stdin [2ms]
2025-02-14 22:18:54.394 [info] > git show --textconv :test_module.py [6ms]
2025-02-14 22:18:54.394 [info] > git ls-files --stage -- /workspace/boilerplate-mean-variance-standard-deviation-calculator/test_module.py [2ms]
2025-02-14 22:18:54.401 [info] > git cat-file -s 14f4dc8f4aabd0458dc069fe2a488da3e19de8f1 [2ms]
2025-02-14 22:18:55.999 [info] > git blame --root --incremental 5ca8782dfab606d28b9cba600cd6b7db06c6cb78 -- /workspace/boilerplate-mean-variance-standard-deviation-calculator/test_module.py [2ms]
2025-02-14 22:19:32.503 [info] > git show --textconv :mean_var_std.py [5ms]
2025-02-14 22:19:32.504 [info] > git ls-files --stage -- /workspace/boilerplate-mean-variance-standard-deviation-calculator/mean_var_std.py [2ms]
2025-02-14 22:19:32.510 [info] > git cat-file -s d1e65a8591020036cf6a558b145b646cdbf6859c [2ms]
2025-02-14 22:19:41.585 [info] > git config --get commit.template [4ms]
2025-02-14 22:19:41.586 [info] > git for-each-ref --format=%(refname)%00%(upstream:short)%00%(objectname)%00%(upstream:track)%00%(upstream:remotename)%00%(upstream:remoteref) refs/heads/main refs/remotes/main [2ms]
2025-02-14 22:19:41.590 [warning] [Git][revParse] Unable to read file: ENOENT: no such file or directory, open '/workspace/boilerplate-mean-variance-standard-deviation-calculator/.git/refs/remotes/origin/main'
2025-02-14 22:19:41.591 [info] > git rev-parse refs/remotes/origin/main [1ms]
2025-02-14 22:19:41.599 [info] > git status -z -uall [4ms]
2025-02-14 22:19:41.601 [info] > git for-each-ref --sort -committerdate --format %(refname) %(objectname) %(*objectname) [2ms]
2025-02-14 22:19:42.157 [info] > git rev-parse --show-toplevel [2ms]
2025-02-14 22:19:42.157 [info] fatal: not a git repository (or any parent up to mount point /)
Stopping at filesystem boundary (GIT_DISCOVERY_ACROSS_FILESYSTEM not set).
2025-02-14 22:20:15.950 [info] > git rev-parse --show-toplevel [1ms]
2025-02-14 22:20:15.950 [info] fatal: not a git repository (or any parent up to mount point /)
Stopping at filesystem boundary (GIT_DISCOVERY_ACROSS_FILESYSTEM not set).
2025-02-14 22:20:54.754 [info] > git rev-parse --show-toplevel [1ms]
2025-02-14 22:20:54.754 [info] fatal: not a git repository (or any parent up to mount point /)
Stopping at filesystem boundary (GIT_DISCOVERY_ACROSS_FILESYSTEM not set).
2025-02-14 22:23:01.702 [info] > git rev-parse --show-toplevel [2ms]
2025-02-14 22:23:01.702 [info] fatal: not a git repository (or any parent up to mount point /)
Stopping at filesystem boundary (GIT_DISCOVERY_ACROSS_FILESYSTEM not set).
2025-02-14 22:23:17.210 [info] > git rev-parse --show-toplevel [2ms]
2025-02-14 22:23:17.216 [info] > git rev-parse --git-dir --git-common-dir [2ms]
2025-02-14 22:23:17.220 [info] [Model][openRepository] Opened repository: /workspace
2025-02-14 22:23:17.230 [info] [Git][getRemotes] No remotes found in the git config file
2025-02-14 22:23:17.230 [info] > git config --get commit.template [5ms]
2025-02-14 22:23:17.231 [info] > git for-each-ref --format=%(refname)%00%(upstream:short)%00%(objectname)%00%(upstream:track)%00%(upstream:remotename)%00%(upstream:remoteref) refs/heads/master refs/remotes/master [2ms]
2025-02-14 22:23:17.231 [warning] [Git][getBranch] No such branch: master
2025-02-14 22:23:17.240 [info] > git for-each-ref --sort -committerdate --format %(refname) %(objectname) %(*objectname) [1ms]
2025-02-14 22:23:17.265 [info] > git status -z -uall [30ms]
2025-02-14 22:23:17.836 [info] > git for-each-ref --format=%(refname)%00%(upstream:short)%00%(objectname)%00%(upstream:track)%00%(upstream:remotename)%00%(upstream:remoteref) refs/heads/master refs/remotes/master [429ms]
2025-02-14 22:23:17.836 [warning] [Git][getBranch] No such branch: master
2025-02-14 22:23:17.836 [error] [GitHistoryProvider][resolveHEADMergeBase] Failed to resolve merge base for master: Error: No such branch: master.
2025-02-14 22:23:17.846 [info] > git config --get commit.template [12ms]
2025-02-14 22:23:17.854 [info] [Git][getRemotes] No remotes found in the git config file
2025-02-14 22:23:17.856 [info] > git for-each-ref --format=%(refname)%00%(upstream:short)%00%(objectname)%00%(upstream:track)%00%(upstream:remotename)%00%(upstream:remoteref) refs/heads/master refs/remotes/master [3ms]
2025-02-14 22:23:17.856 [warning] [Git][getBranch] No such branch: master
2025-02-14 22:23:17.903 [info] > git for-each-ref --sort -committerdate --format %(refname) %(objectname) %(*objectname) [33ms]
2025-02-14 22:23:17.918 [info] > git status -z -uall [55ms]
2025-02-14 22:23:18.409 [info] > git check-ignore -v -z --stdin [1ms]
2025-02-14 22:23:19.859 [info] > git config --local branch.master.github-pr-owner-number [2ms]
2025-02-14 22:23:19.859 [warning] [Git][config] git config failed: Failed to execute git
2025-02-14 22:23:19.866 [info] > git config --local branch.master.remote [1ms]
2025-02-14 22:23:19.866 [warning] [Git][config] git config failed: Failed to execute git
2025-02-14 22:23:19.873 [info] > git config --local branch.master.merge [1ms]
2025-02-14 22:23:19.874 [warning] [Git][config] git config failed: Failed to execute git
2025-02-14 22:23:23.933 [info] [Git][getRemotes] No remotes found in the git config file
2025-02-14 22:23:23.934 [info] > git config --get commit.template [5ms]
2025-02-14 22:23:23.935 [info] > git for-each-ref --format=%(refname)%00%(upstream:short)%00%(objectname)%00%(upstream:track)%00%(upstream:remotename)%00%(upstream:remoteref) refs/heads/master refs/remotes/master [2ms]
2025-02-14 22:23:23.935 [warning] [Git][getBranch] No such branch: master
2025-02-14 22:23:23.945 [info] > git for-each-ref --sort -committerdate --format %(refname) %(objectname) %(*objectname) [2ms]
2025-02-14 22:23:23.961 [info] > git status -z -uall [22ms]
2025-02-14 22:23:29.009 [info] [Git][getRemotes] No remotes found in the git config file
2025-02-14 22:23:29.009 [info] > git config --get commit.template [5ms]
2025-02-14 22:23:29.010 [info] > git for-each-ref --format=%(refname)%00%(upstream:short)%00%(objectname)%00%(upstream:track)%00%(upstream:remotename)%00%(upstream:remoteref) refs/heads/master refs/remotes/master [1ms]
2025-02-14 22:23:29.010 [warning] [Git][getBranch] No such branch: master
2025-02-14 22:23:29.021 [info] > git for-each-ref --sort -committerdate --format %(refname) %(objectname) %(*objectname) [2ms]
2025-02-14 22:23:29.036 [info] > git status -z -uall [21ms]
