2025-02-14 21:45:28.194 [info] [main] Log level: Info
2025-02-14 21:45:28.194 [info] [main] Validating found git in: "git"
2025-02-14 21:45:28.194 [info] [main] Using git "2.46.0" from "git"
2025-02-14 21:45:28.194 [info] [Model][doInitialScan] Initial repository scan started
2025-02-14 21:45:28.194 [info] > git rev-parse --show-toplevel [2ms]
2025-02-14 21:45:28.194 [info] > git rev-parse --git-dir --git-common-dir [1ms]
2025-02-14 21:45:28.194 [info] [Model][openRepository] Opened repository: /workspace/boilerplate-mean-variance-standard-deviation-calculator
2025-02-14 21:45:28.194 [info] > git config --get commit.template [3ms]
2025-02-14 21:45:28.194 [info] > git rev-parse --show-toplevel [5ms]
2025-02-14 21:45:28.194 [info] [Model][doInitialScan] Initial repository scan completed - repositories (1), closed repositories (0), parent repositories (0), unsafe repositories (0)
2025-02-14 21:45:28.194 [info] > git for-each-ref --format=%(refname)%00%(upstream:short)%00%(objectname)%00%(upstream:track)%00%(upstream:remotename)%00%(upstream:remoteref) refs/heads/main refs/remotes/main [2ms]
2025-02-14 21:45:28.194 [warning] [Git][revParse] Unable to read file: ENOENT: no such file or directory, open '/workspace/boilerplate-mean-variance-standard-deviation-calculator/.git/refs/remotes/origin/main'
2025-02-14 21:45:28.194 [info] > git rev-parse refs/remotes/origin/main [1ms]
2025-02-14 21:45:28.194 [info] > git status -z -uall [4ms]
2025-02-14 21:45:28.194 [info] > git for-each-ref --sort -committerdate --format %(refname) %(objectname) %(*objectname) [2ms]
2025-02-14 21:45:28.194 [info] > git for-each-ref --format=%(refname)%00%(upstream:short)%00%(objectname)%00%(upstream:track)%00%(upstream:remotename)%00%(upstream:remoteref) refs/heads/main refs/remotes/main [5ms]
2025-02-14 21:45:28.194 [info] > git config --get commit.template [4ms]
2025-02-14 21:45:28.194 [info] > git config --local branch.main.vscode-merge-base [4ms]
2025-02-14 21:45:28.194 [warning] [Git][config] git config failed: Failed to execute git
2025-02-14 21:45:28.194 [info] > git for-each-ref --format=%(refname)%00%(upstream:short)%00%(objectname)%00%(upstream:track)%00%(upstream:remotename)%00%(upstream:remoteref) refs/heads/main refs/remotes/main [4ms]
2025-02-14 21:45:28.194 [warning] [Git][revParse] Unable to read file: ENOENT: no such file or directory, open '/workspace/boilerplate-mean-variance-standard-deviation-calculator/.git/refs/remotes/origin/main'
2025-02-14 21:45:28.194 [info] > git reflog main --grep-reflog=branch: Created from *. [4ms]
2025-02-14 21:45:28.194 [info] > git rev-parse refs/remotes/origin/main [4ms]
2025-02-14 21:45:28.194 [info] > git status -z -uall [4ms]
2025-02-14 21:45:28.194 [info] > git symbolic-ref --short refs/remotes/origin/HEAD [8ms]
2025-02-14 21:45:28.194 [info] > git for-each-ref --sort -committerdate --format %(refname) %(objectname) %(*objectname) [4ms]
2025-02-14 21:45:28.194 [info] > git for-each-ref --format=%(refname)%00%(upstream:short)%00%(objectname)%00%(upstream:track)%00%(upstream:remotename)%00%(upstream:remoteref) refs/heads/origin/main refs/remotes/origin/main [6ms]
2025-02-14 21:45:28.194 [info] > git for-each-ref --format=%(refname)%00%(upstream:short)%00%(objectname)%00%(upstream:track)%00%(upstream:remotename)%00%(upstream:remoteref) refs/heads/main refs/remotes/main [5ms]
2025-02-14 21:45:28.194 [info] > git config --local branch.main.vscode-merge-base origin/main [5ms]
2025-02-14 21:45:28.194 [info] > git config --local branch.main.vscode-merge-base [5ms]
2025-02-14 21:45:28.194 [info] > git config --get commit.template [5ms]
2025-02-14 21:45:28.194 [info] > git for-each-ref --format=%(refname)%00%(upstream:short)%00%(objectname)%00%(upstream:track)%00%(upstream:remotename)%00%(upstream:remoteref) refs/heads/origin/main refs/remotes/origin/main [5ms]
2025-02-14 21:45:28.194 [info] > git merge-base refs/heads/main refs/remotes/origin/main [9ms]
2025-02-14 21:45:28.194 [info] > git for-each-ref --format=%(refname)%00%(upstream:short)%00%(objectname)%00%(upstream:track)%00%(upstream:remotename)%00%(upstream:remoteref) refs/heads/main refs/remotes/main [17ms]
2025-02-14 21:45:28.194 [warning] [Git][revParse] Unable to read file: ENOENT: no such file or directory, open '/workspace/boilerplate-mean-variance-standard-deviation-calculator/.git/refs/remotes/origin/main'
2025-02-14 21:45:28.194 [info] > git diff --name-status -z --diff-filter=ADMR 126bb94a8f8f4535ddcfe5452e188a4625062059...refs/remotes/origin/main [5ms]
2025-02-14 21:45:28.194 [info] > git rev-parse refs/remotes/origin/main [2ms]
2025-02-14 21:45:28.194 [info] > git status -z -uall [4ms]
2025-02-14 21:45:28.194 [info] > git for-each-ref --sort -committerdate --format %(refname) %(objectname) %(*objectname) [2ms]
2025-02-14 21:45:28.701 [info] > git check-ignore -v -z --stdin [2ms]
2025-02-14 21:45:29.489 [info] > git config --get commit.template [4ms]
2025-02-14 21:45:29.490 [info] > git for-each-ref --format=%(refname)%00%(upstream:short)%00%(objectname)%00%(upstream:track)%00%(upstream:remotename)%00%(upstream:remoteref) refs/heads/main refs/remotes/main [3ms]
2025-02-14 21:45:29.493 [warning] [Git][revParse] Unable to read file: ENOENT: no such file or directory, open '/workspace/boilerplate-mean-variance-standard-deviation-calculator/.git/refs/remotes/origin/main'
2025-02-14 21:45:29.495 [info] > git rev-parse refs/remotes/origin/main [2ms]
2025-02-14 21:45:29.504 [info] > git status -z -uall [5ms]
2025-02-14 21:45:29.506 [info] > git for-each-ref --sort -committerdate --format %(refname) %(objectname) %(*objectname) [3ms]
2025-02-14 21:45:32.951 [info] > git config --local branch.main.github-pr-owner-number [9ms]
2025-02-14 21:45:32.951 [warning] [Git][config] git config failed: Failed to execute git
2025-02-14 21:45:34.194 [info] > git show --textconv :mean_var_std.py [4ms]
2025-02-14 21:45:34.195 [info] > git ls-files --stage -- /workspace/boilerplate-mean-variance-standard-deviation-calculator/mean_var_std.py [2ms]
2025-02-14 21:45:34.200 [info] > git cat-file -s f9d4d6deef5ea7444ebd6bcd58a3422b7e3d9fcf [2ms]
2025-02-14 21:45:44.571 [info] > git blame --root --incremental 126bb94a8f8f4535ddcfe5452e188a4625062059 -- /workspace/boilerplate-mean-variance-standard-deviation-calculator/mean_var_std.py [2ms]
2025-02-14 21:46:47.357 [info] > git config --get commit.template [5ms]
2025-02-14 21:46:47.358 [info] > git for-each-ref --format=%(refname)%00%(upstream:short)%00%(objectname)%00%(upstream:track)%00%(upstream:remotename)%00%(upstream:remoteref) refs/heads/main refs/remotes/main [2ms]
2025-02-14 21:46:47.362 [warning] [Git][revParse] Unable to read file: ENOENT: no such file or directory, open '/workspace/boilerplate-mean-variance-standard-deviation-calculator/.git/refs/remotes/origin/main'
2025-02-14 21:46:47.363 [info] > git rev-parse refs/remotes/origin/main [2ms]
2025-02-14 21:46:47.372 [info] > git status -z -uall [6ms]
2025-02-14 21:46:47.373 [info] > git for-each-ref --sort -committerdate --format %(refname) %(objectname) %(*objectname) [2ms]
2025-02-14 21:47:10.500 [info] > git config --get commit.template [4ms]
2025-02-14 21:47:10.501 [info] > git for-each-ref --format=%(refname)%00%(upstream:short)%00%(objectname)%00%(upstream:track)%00%(upstream:remotename)%00%(upstream:remoteref) refs/heads/main refs/remotes/main [2ms]
2025-02-14 21:47:10.505 [warning] [Git][revParse] Unable to read file: ENOENT: no such file or directory, open '/workspace/boilerplate-mean-variance-standard-deviation-calculator/.git/refs/remotes/origin/main'
2025-02-14 21:47:10.506 [info] > git rev-parse refs/remotes/origin/main [1ms]
2025-02-14 21:47:10.515 [info] > git status -z -uall [5ms]
2025-02-14 21:47:10.516 [info] > git for-each-ref --sort -committerdate --format %(refname) %(objectname) %(*objectname) [3ms]
2025-02-14 21:47:15.527 [info] > git config --get commit.template [5ms]
2025-02-14 21:47:15.529 [info] > git for-each-ref --format=%(refname)%00%(upstream:short)%00%(objectname)%00%(upstream:track)%00%(upstream:remotename)%00%(upstream:remoteref) refs/heads/main refs/remotes/main [2ms]
2025-02-14 21:47:15.532 [warning] [Git][revParse] Unable to read file: ENOENT: no such file or directory, open '/workspace/boilerplate-mean-variance-standard-deviation-calculator/.git/refs/remotes/origin/main'
2025-02-14 21:47:15.534 [info] > git rev-parse refs/remotes/origin/main [2ms]
2025-02-14 21:47:15.542 [info] > git status -z -uall [5ms]
2025-02-14 21:47:15.543 [info] > git for-each-ref --sort -committerdate --format %(refname) %(objectname) %(*objectname) [2ms]
2025-02-14 21:47:20.557 [info] > git config --get commit.template [5ms]
2025-02-14 21:47:20.558 [info] > git for-each-ref --format=%(refname)%00%(upstream:short)%00%(objectname)%00%(upstream:track)%00%(upstream:remotename)%00%(upstream:remoteref) refs/heads/main refs/remotes/main [2ms]
2025-02-14 21:47:20.562 [warning] [Git][revParse] Unable to read file: ENOENT: no such file or directory, open '/workspace/boilerplate-mean-variance-standard-deviation-calculator/.git/refs/remotes/origin/main'
2025-02-14 21:47:20.563 [info] > git rev-parse refs/remotes/origin/main [2ms]
2025-02-14 21:47:20.570 [info] > git status -z -uall [4ms]
2025-02-14 21:47:20.572 [info] > git for-each-ref --sort -committerdate --format %(refname) %(objectname) %(*objectname) [2ms]
2025-02-14 21:47:35.637 [info] > git config --get commit.template [4ms]
2025-02-14 21:47:35.639 [info] > git for-each-ref --format=%(refname)%00%(upstream:short)%00%(objectname)%00%(upstream:track)%00%(upstream:remotename)%00%(upstream:remoteref) refs/heads/main refs/remotes/main [3ms]
2025-02-14 21:47:35.642 [warning] [Git][revParse] Unable to read file: ENOENT: no such file or directory, open '/workspace/boilerplate-mean-variance-standard-deviation-calculator/.git/refs/remotes/origin/main'
2025-02-14 21:47:35.644 [info] > git rev-parse refs/remotes/origin/main [2ms]
2025-02-14 21:47:35.653 [info] > git status -z -uall [5ms]
2025-02-14 21:47:35.655 [info] > git for-each-ref --sort -committerdate --format %(refname) %(objectname) %(*objectname) [2ms]
2025-02-14 21:47:41.211 [info] > git config --get commit.template [5ms]
2025-02-14 21:47:41.212 [info] > git for-each-ref --format=%(refname)%00%(upstream:short)%00%(objectname)%00%(upstream:track)%00%(upstream:remotename)%00%(upstream:remoteref) refs/heads/main refs/remotes/main [2ms]
2025-02-14 21:47:41.216 [warning] [Git][revParse] Unable to read file: ENOENT: no such file or directory, open '/workspace/boilerplate-mean-variance-standard-deviation-calculator/.git/refs/remotes/origin/main'
2025-02-14 21:47:41.218 [info] > git rev-parse refs/remotes/origin/main [2ms]
2025-02-14 21:47:41.226 [info] > git status -z -uall [4ms]
2025-02-14 21:47:41.228 [info] > git for-each-ref --sort -committerdate --format %(refname) %(objectname) %(*objectname) [2ms]
2025-02-14 21:47:46.239 [info] > git config --get commit.template [4ms]
2025-02-14 21:47:46.241 [info] > git for-each-ref --format=%(refname)%00%(upstream:short)%00%(objectname)%00%(upstream:track)%00%(upstream:remotename)%00%(upstream:remoteref) refs/heads/main refs/remotes/main [2ms]
2025-02-14 21:47:46.244 [warning] [Git][revParse] Unable to read file: ENOENT: no such file or directory, open '/workspace/boilerplate-mean-variance-standard-deviation-calculator/.git/refs/remotes/origin/main'
2025-02-14 21:47:46.246 [info] > git rev-parse refs/remotes/origin/main [2ms]
2025-02-14 21:47:46.253 [info] > git status -z -uall [4ms]
2025-02-14 21:47:46.254 [info] > git for-each-ref --sort -committerdate --format %(refname) %(objectname) %(*objectname) [2ms]
2025-02-14 21:47:51.268 [info] > git config --get commit.template [7ms]
2025-02-14 21:47:51.268 [info] > git for-each-ref --format=%(refname)%00%(upstream:short)%00%(objectname)%00%(upstream:track)%00%(upstream:remotename)%00%(upstream:remoteref) refs/heads/main refs/remotes/main [2ms]
2025-02-14 21:47:51.273 [warning] [Git][revParse] Unable to read file: ENOENT: no such file or directory, open '/workspace/boilerplate-mean-variance-standard-deviation-calculator/.git/refs/remotes/origin/main'
2025-02-14 21:47:51.274 [info] > git rev-parse refs/remotes/origin/main [2ms]
2025-02-14 21:47:51.283 [info] > git status -z -uall [5ms]
2025-02-14 21:47:51.285 [info] > git for-each-ref --sort -committerdate --format %(refname) %(objectname) %(*objectname) [2ms]
2025-02-14 21:47:56.297 [info] > git config --get commit.template [5ms]
2025-02-14 21:47:56.298 [info] > git for-each-ref --format=%(refname)%00%(upstream:short)%00%(objectname)%00%(upstream:track)%00%(upstream:remotename)%00%(upstream:remoteref) refs/heads/main refs/remotes/main [2ms]
2025-02-14 21:47:56.301 [warning] [Git][revParse] Unable to read file: ENOENT: no such file or directory, open '/workspace/boilerplate-mean-variance-standard-deviation-calculator/.git/refs/remotes/origin/main'
2025-02-14 21:47:56.303 [info] > git rev-parse refs/remotes/origin/main [2ms]
2025-02-14 21:47:56.310 [info] > git status -z -uall [4ms]
2025-02-14 21:47:56.311 [info] > git for-each-ref --sort -committerdate --format %(refname) %(objectname) %(*objectname) [2ms]
2025-02-14 21:48:01.324 [info] > git config --get commit.template [5ms]
2025-02-14 21:48:01.325 [info] > git for-each-ref --format=%(refname)%00%(upstream:short)%00%(objectname)%00%(upstream:track)%00%(upstream:remotename)%00%(upstream:remoteref) refs/heads/main refs/remotes/main [2ms]
2025-02-14 21:48:01.329 [warning] [Git][revParse] Unable to read file: ENOENT: no such file or directory, open '/workspace/boilerplate-mean-variance-standard-deviation-calculator/.git/refs/remotes/origin/main'
2025-02-14 21:48:01.331 [info] > git rev-parse refs/remotes/origin/main [2ms]
2025-02-14 21:48:01.340 [info] > git status -z -uall [5ms]
2025-02-14 21:48:01.343 [info] > git for-each-ref --sort -committerdate --format %(refname) %(objectname) %(*objectname) [2ms]
2025-02-14 21:48:06.354 [info] > git config --get commit.template [5ms]
2025-02-14 21:48:06.355 [info] > git for-each-ref --format=%(refname)%00%(upstream:short)%00%(objectname)%00%(upstream:track)%00%(upstream:remotename)%00%(upstream:remoteref) refs/heads/main refs/remotes/main [2ms]
2025-02-14 21:48:06.360 [warning] [Git][revParse] Unable to read file: ENOENT: no such file or directory, open '/workspace/boilerplate-mean-variance-standard-deviation-calculator/.git/refs/remotes/origin/main'
2025-02-14 21:48:06.362 [info] > git rev-parse refs/remotes/origin/main [2ms]
2025-02-14 21:48:06.370 [info] > git status -z -uall [5ms]
2025-02-14 21:48:06.371 [info] > git for-each-ref --sort -committerdate --format %(refname) %(objectname) %(*objectname) [2ms]
2025-02-14 21:48:11.383 [info] > git config --get commit.template [5ms]
2025-02-14 21:48:11.385 [info] > git for-each-ref --format=%(refname)%00%(upstream:short)%00%(objectname)%00%(upstream:track)%00%(upstream:remotename)%00%(upstream:remoteref) refs/heads/main refs/remotes/main [3ms]
2025-02-14 21:48:11.389 [warning] [Git][revParse] Unable to read file: ENOENT: no such file or directory, open '/workspace/boilerplate-mean-variance-standard-deviation-calculator/.git/refs/remotes/origin/main'
2025-02-14 21:48:11.390 [info] > git rev-parse refs/remotes/origin/main [2ms]
2025-02-14 21:48:11.398 [info] > git status -z -uall [4ms]
2025-02-14 21:48:11.400 [info] > git for-each-ref --sort -committerdate --format %(refname) %(objectname) %(*objectname) [2ms]
2025-02-14 21:48:16.411 [info] > git config --get commit.template [4ms]
2025-02-14 21:48:16.412 [info] > git for-each-ref --format=%(refname)%00%(upstream:short)%00%(objectname)%00%(upstream:track)%00%(upstream:remotename)%00%(upstream:remoteref) refs/heads/main refs/remotes/main [2ms]
2025-02-14 21:48:16.415 [warning] [Git][revParse] Unable to read file: ENOENT: no such file or directory, open '/workspace/boilerplate-mean-variance-standard-deviation-calculator/.git/refs/remotes/origin/main'
2025-02-14 21:48:16.417 [info] > git rev-parse refs/remotes/origin/main [2ms]
2025-02-14 21:48:16.423 [info] > git status -z -uall [4ms]
2025-02-14 21:48:16.424 [info] > git for-each-ref --sort -committerdate --format %(refname) %(objectname) %(*objectname) [2ms]
2025-02-14 21:48:21.434 [info] > git config --get commit.template [3ms]
2025-02-14 21:48:21.436 [info] > git for-each-ref --format=%(refname)%00%(upstream:short)%00%(objectname)%00%(upstream:track)%00%(upstream:remotename)%00%(upstream:remoteref) refs/heads/main refs/remotes/main [2ms]
2025-02-14 21:48:21.439 [warning] [Git][revParse] Unable to read file: ENOENT: no such file or directory, open '/workspace/boilerplate-mean-variance-standard-deviation-calculator/.git/refs/remotes/origin/main'
2025-02-14 21:48:21.440 [info] > git rev-parse refs/remotes/origin/main [1ms]
2025-02-14 21:48:21.447 [info] > git status -z -uall [4ms]
2025-02-14 21:48:21.449 [info] > git for-each-ref --sort -committerdate --format %(refname) %(objectname) %(*objectname) [2ms]
2025-02-14 21:48:26.459 [info] > git config --get commit.template [4ms]
2025-02-14 21:48:26.461 [info] > git for-each-ref --format=%(refname)%00%(upstream:short)%00%(objectname)%00%(upstream:track)%00%(upstream:remotename)%00%(upstream:remoteref) refs/heads/main refs/remotes/main [2ms]
2025-02-14 21:48:26.464 [warning] [Git][revParse] Unable to read file: ENOENT: no such file or directory, open '/workspace/boilerplate-mean-variance-standard-deviation-calculator/.git/refs/remotes/origin/main'
2025-02-14 21:48:26.465 [info] > git rev-parse refs/remotes/origin/main [1ms]
2025-02-14 21:48:26.471 [info] > git status -z -uall [3ms]
2025-02-14 21:48:26.473 [info] > git for-each-ref --sort -committerdate --format %(refname) %(objectname) %(*objectname) [2ms]
2025-02-14 21:48:31.483 [info] > git config --get commit.template [4ms]
2025-02-14 21:48:31.484 [info] > git for-each-ref --format=%(refname)%00%(upstream:short)%00%(objectname)%00%(upstream:track)%00%(upstream:remotename)%00%(upstream:remoteref) refs/heads/main refs/remotes/main [2ms]
2025-02-14 21:48:31.488 [warning] [Git][revParse] Unable to read file: ENOENT: no such file or directory, open '/workspace/boilerplate-mean-variance-standard-deviation-calculator/.git/refs/remotes/origin/main'
2025-02-14 21:48:31.490 [info] > git rev-parse refs/remotes/origin/main [2ms]
2025-02-14 21:48:31.498 [info] > git status -z -uall [5ms]
2025-02-14 21:48:31.499 [info] > git for-each-ref --sort -committerdate --format %(refname) %(objectname) %(*objectname) [2ms]
2025-02-14 21:48:37.170 [info] > git config --get commit.template [5ms]
2025-02-14 21:48:37.172 [info] > git for-each-ref --format=%(refname)%00%(upstream:short)%00%(objectname)%00%(upstream:track)%00%(upstream:remotename)%00%(upstream:remoteref) refs/heads/main refs/remotes/main [2ms]
2025-02-14 21:48:37.177 [warning] [Git][revParse] Unable to read file: ENOENT: no such file or directory, open '/workspace/boilerplate-mean-variance-standard-deviation-calculator/.git/refs/remotes/origin/main'
2025-02-14 21:48:37.179 [info] > git rev-parse refs/remotes/origin/main [2ms]
2025-02-14 21:48:37.186 [info] > git status -z -uall [3ms]
2025-02-14 21:48:37.188 [info] > git for-each-ref --sort -committerdate --format %(refname) %(objectname) %(*objectname) [2ms]
2025-02-14 21:48:56.213 [info] > git config --get commit.template [4ms]
2025-02-14 21:48:56.215 [info] > git for-each-ref --format=%(refname)%00%(upstream:short)%00%(objectname)%00%(upstream:track)%00%(upstream:remotename)%00%(upstream:remoteref) refs/heads/main refs/remotes/main [2ms]
2025-02-14 21:48:56.219 [warning] [Git][revParse] Unable to read file: ENOENT: no such file or directory, open '/workspace/boilerplate-mean-variance-standard-deviation-calculator/.git/refs/remotes/origin/main'
2025-02-14 21:48:56.220 [info] > git rev-parse refs/remotes/origin/main [2ms]
2025-02-14 21:48:56.227 [info] > git status -z -uall [4ms]
2025-02-14 21:48:56.229 [info] > git for-each-ref --sort -committerdate --format %(refname) %(objectname) %(*objectname) [3ms]
2025-02-14 21:49:01.677 [info] > git config --get commit.template [5ms]
2025-02-14 21:49:01.678 [info] > git for-each-ref --format=%(refname)%00%(upstream:short)%00%(objectname)%00%(upstream:track)%00%(upstream:remotename)%00%(upstream:remoteref) refs/heads/main refs/remotes/main [2ms]
2025-02-14 21:49:01.681 [warning] [Git][revParse] Unable to read file: ENOENT: no such file or directory, open '/workspace/boilerplate-mean-variance-standard-deviation-calculator/.git/refs/remotes/origin/main'
2025-02-14 21:49:01.682 [info] > git rev-parse refs/remotes/origin/main [1ms]
2025-02-14 21:49:01.688 [info] > git status -z -uall [3ms]
2025-02-14 21:49:01.690 [info] > git for-each-ref --sort -committerdate --format %(refname) %(objectname) %(*objectname) [2ms]
2025-02-14 21:49:15.146 [info] > git config --get commit.template [5ms]
2025-02-14 21:49:15.148 [info] > git for-each-ref --format=%(refname)%00%(upstream:short)%00%(objectname)%00%(upstream:track)%00%(upstream:remotename)%00%(upstream:remoteref) refs/heads/main refs/remotes/main [3ms]
2025-02-14 21:49:15.151 [warning] [Git][revParse] Unable to read file: ENOENT: no such file or directory, open '/workspace/boilerplate-mean-variance-standard-deviation-calculator/.git/refs/remotes/origin/main'
2025-02-14 21:49:15.153 [info] > git rev-parse refs/remotes/origin/main [2ms]
2025-02-14 21:49:15.161 [info] > git status -z -uall [4ms]
2025-02-14 21:49:15.163 [info] > git for-each-ref --sort -committerdate --format %(refname) %(objectname) %(*objectname) [3ms]
2025-02-14 21:49:20.175 [info] > git config --get commit.template [5ms]
2025-02-14 21:49:20.177 [info] > git for-each-ref --format=%(refname)%00%(upstream:short)%00%(objectname)%00%(upstream:track)%00%(upstream:remotename)%00%(upstream:remoteref) refs/heads/main refs/remotes/main [2ms]
2025-02-14 21:49:20.180 [warning] [Git][revParse] Unable to read file: ENOENT: no such file or directory, open '/workspace/boilerplate-mean-variance-standard-deviation-calculator/.git/refs/remotes/origin/main'
2025-02-14 21:49:20.182 [info] > git rev-parse refs/remotes/origin/main [2ms]
2025-02-14 21:49:20.189 [info] > git status -z -uall [4ms]
2025-02-14 21:49:20.191 [info] > git for-each-ref --sort -committerdate --format %(refname) %(objectname) %(*objectname) [2ms]
2025-02-14 21:49:29.938 [info] > git config --get commit.template [6ms]
2025-02-14 21:49:29.939 [info] > git for-each-ref --format=%(refname)%00%(upstream:short)%00%(objectname)%00%(upstream:track)%00%(upstream:remotename)%00%(upstream:remoteref) refs/heads/main refs/remotes/main [2ms]
2025-02-14 21:49:29.942 [warning] [Git][revParse] Unable to read file: ENOENT: no such file or directory, open '/workspace/boilerplate-mean-variance-standard-deviation-calculator/.git/refs/remotes/origin/main'
2025-02-14 21:49:29.943 [info] > git rev-parse refs/remotes/origin/main [1ms]
2025-02-14 21:49:29.951 [info] > git status -z -uall [4ms]
2025-02-14 21:49:29.952 [info] > git for-each-ref --sort -committerdate --format %(refname) %(objectname) %(*objectname) [2ms]
2025-02-14 21:49:37.060 [info] > git config --get commit.template [3ms]
2025-02-14 21:49:37.061 [info] > git for-each-ref --format=%(refname)%00%(upstream:short)%00%(objectname)%00%(upstream:track)%00%(upstream:remotename)%00%(upstream:remoteref) refs/heads/main refs/remotes/main [2ms]
2025-02-14 21:49:37.064 [warning] [Git][revParse] Unable to read file: ENOENT: no such file or directory, open '/workspace/boilerplate-mean-variance-standard-deviation-calculator/.git/refs/remotes/origin/main'
2025-02-14 21:49:37.065 [info] > git rev-parse refs/remotes/origin/main [1ms]
2025-02-14 21:49:37.073 [info] > git status -z -uall [5ms]
2025-02-14 21:49:37.074 [info] > git for-each-ref --sort -committerdate --format %(refname) %(objectname) %(*objectname) [2ms]
2025-02-14 21:49:42.085 [info] > git config --get commit.template [5ms]
2025-02-14 21:49:42.086 [info] > git for-each-ref --format=%(refname)%00%(upstream:short)%00%(objectname)%00%(upstream:track)%00%(upstream:remotename)%00%(upstream:remoteref) refs/heads/main refs/remotes/main [3ms]
2025-02-14 21:49:42.089 [warning] [Git][revParse] Unable to read file: ENOENT: no such file or directory, open '/workspace/boilerplate-mean-variance-standard-deviation-calculator/.git/refs/remotes/origin/main'
2025-02-14 21:49:42.090 [info] > git rev-parse refs/remotes/origin/main [1ms]
2025-02-14 21:49:42.097 [info] > git status -z -uall [3ms]
2025-02-14 21:49:42.098 [info] > git for-each-ref --sort -committerdate --format %(refname) %(objectname) %(*objectname) [2ms]
2025-02-14 21:50:07.112 [info] > git config --get commit.template [3ms]
2025-02-14 21:50:07.113 [info] > git for-each-ref --format=%(refname)%00%(upstream:short)%00%(objectname)%00%(upstream:track)%00%(upstream:remotename)%00%(upstream:remoteref) refs/heads/main refs/remotes/main [2ms]
2025-02-14 21:50:07.116 [warning] [Git][revParse] Unable to read file: ENOENT: no such file or directory, open '/workspace/boilerplate-mean-variance-standard-deviation-calculator/.git/refs/remotes/origin/main'
2025-02-14 21:50:07.117 [info] > git rev-parse refs/remotes/origin/main [1ms]
2025-02-14 21:50:07.124 [info] > git status -z -uall [4ms]
2025-02-14 21:50:07.125 [info] > git for-each-ref --sort -committerdate --format %(refname) %(objectname) %(*objectname) [2ms]
2025-02-14 21:50:12.135 [info] > git config --get commit.template [4ms]
2025-02-14 21:50:12.137 [info] > git for-each-ref --format=%(refname)%00%(upstream:short)%00%(objectname)%00%(upstream:track)%00%(upstream:remotename)%00%(upstream:remoteref) refs/heads/main refs/remotes/main [2ms]
2025-02-14 21:50:12.140 [warning] [Git][revParse] Unable to read file: ENOENT: no such file or directory, open '/workspace/boilerplate-mean-variance-standard-deviation-calculator/.git/refs/remotes/origin/main'
2025-02-14 21:50:12.142 [info] > git rev-parse refs/remotes/origin/main [2ms]
2025-02-14 21:50:12.149 [info] > git status -z -uall [4ms]
2025-02-14 21:50:12.151 [info] > git for-each-ref --sort -committerdate --format %(refname) %(objectname) %(*objectname) [2ms]
2025-02-14 21:50:21.317 [info] > git config --get commit.template [3ms]
2025-02-14 21:50:21.319 [info] > git for-each-ref --format=%(refname)%00%(upstream:short)%00%(objectname)%00%(upstream:track)%00%(upstream:remotename)%00%(upstream:remoteref) refs/heads/main refs/remotes/main [2ms]
2025-02-14 21:50:21.322 [warning] [Git][revParse] Unable to read file: ENOENT: no such file or directory, open '/workspace/boilerplate-mean-variance-standard-deviation-calculator/.git/refs/remotes/origin/main'
2025-02-14 21:50:21.323 [info] > git rev-parse refs/remotes/origin/main [1ms]
2025-02-14 21:50:21.330 [info] > git status -z -uall [3ms]
2025-02-14 21:50:21.332 [info] > git for-each-ref --sort -committerdate --format %(refname) %(objectname) %(*objectname) [2ms]
2025-02-14 21:50:28.778 [info] > git config --get commit.template [5ms]
2025-02-14 21:50:28.779 [info] > git for-each-ref --format=%(refname)%00%(upstream:short)%00%(objectname)%00%(upstream:track)%00%(upstream:remotename)%00%(upstream:remoteref) refs/heads/main refs/remotes/main [2ms]
2025-02-14 21:50:28.783 [warning] [Git][revParse] Unable to read file: ENOENT: no such file or directory, open '/workspace/boilerplate-mean-variance-standard-deviation-calculator/.git/refs/remotes/origin/main'
2025-02-14 21:50:28.785 [info] > git rev-parse refs/remotes/origin/main [2ms]
2025-02-14 21:50:28.793 [info] > git status -z -uall [4ms]
2025-02-14 21:50:28.795 [info] > git for-each-ref --sort -committerdate --format %(refname) %(objectname) %(*objectname) [2ms]
2025-02-14 21:50:33.810 [info] > git config --get commit.template [6ms]
2025-02-14 21:50:33.812 [info] > git for-each-ref --format=%(refname)%00%(upstream:short)%00%(objectname)%00%(upstream:track)%00%(upstream:remotename)%00%(upstream:remoteref) refs/heads/main refs/remotes/main [3ms]
2025-02-14 21:50:33.818 [warning] [Git][revParse] Unable to read file: ENOENT: no such file or directory, open '/workspace/boilerplate-mean-variance-standard-deviation-calculator/.git/refs/remotes/origin/main'
2025-02-14 21:50:33.820 [info] > git rev-parse refs/remotes/origin/main [3ms]
2025-02-14 21:50:33.832 [info] > git status -z -uall [6ms]
2025-02-14 21:50:33.834 [info] > git for-each-ref --sort -committerdate --format %(refname) %(objectname) %(*objectname) [3ms]
2025-02-14 21:50:38.847 [info] > git config --get commit.template [5ms]
2025-02-14 21:50:38.849 [info] > git for-each-ref --format=%(refname)%00%(upstream:short)%00%(objectname)%00%(upstream:track)%00%(upstream:remotename)%00%(upstream:remoteref) refs/heads/main refs/remotes/main [3ms]
2025-02-14 21:50:38.856 [warning] [Git][revParse] Unable to read file: ENOENT: no such file or directory, open '/workspace/boilerplate-mean-variance-standard-deviation-calculator/.git/refs/remotes/origin/main'
2025-02-14 21:50:38.859 [info] > git rev-parse refs/remotes/origin/main [3ms]
2025-02-14 21:50:38.870 [info] > git status -z -uall [6ms]
2025-02-14 21:50:38.872 [info] > git for-each-ref --sort -committerdate --format %(refname) %(objectname) %(*objectname) [3ms]
2025-02-14 21:50:43.884 [info] > git config --get commit.template [5ms]
2025-02-14 21:50:43.886 [info] > git for-each-ref --format=%(refname)%00%(upstream:short)%00%(objectname)%00%(upstream:track)%00%(upstream:remotename)%00%(upstream:remoteref) refs/heads/main refs/remotes/main [3ms]
2025-02-14 21:50:43.890 [warning] [Git][revParse] Unable to read file: ENOENT: no such file or directory, open '/workspace/boilerplate-mean-variance-standard-deviation-calculator/.git/refs/remotes/origin/main'
2025-02-14 21:50:43.891 [info] > git rev-parse refs/remotes/origin/main [1ms]
2025-02-14 21:50:43.901 [info] > git status -z -uall [6ms]
2025-02-14 21:50:43.903 [info] > git for-each-ref --sort -committerdate --format %(refname) %(objectname) %(*objectname) [2ms]
2025-02-14 21:50:48.914 [info] > git config --get commit.template [4ms]
2025-02-14 21:50:48.916 [info] > git for-each-ref --format=%(refname)%00%(upstream:short)%00%(objectname)%00%(upstream:track)%00%(upstream:remotename)%00%(upstream:remoteref) refs/heads/main refs/remotes/main [2ms]
2025-02-14 21:50:48.919 [warning] [Git][revParse] Unable to read file: ENOENT: no such file or directory, open '/workspace/boilerplate-mean-variance-standard-deviation-calculator/.git/refs/remotes/origin/main'
2025-02-14 21:50:48.920 [info] > git rev-parse refs/remotes/origin/main [1ms]
2025-02-14 21:50:48.927 [info] > git status -z -uall [4ms]
2025-02-14 21:50:48.929 [info] > git for-each-ref --sort -committerdate --format %(refname) %(objectname) %(*objectname) [2ms]
2025-02-14 21:50:53.938 [info] > git config --get commit.template [4ms]
2025-02-14 21:50:53.940 [info] > git for-each-ref --format=%(refname)%00%(upstream:short)%00%(objectname)%00%(upstream:track)%00%(upstream:remotename)%00%(upstream:remoteref) refs/heads/main refs/remotes/main [2ms]
2025-02-14 21:50:53.943 [warning] [Git][revParse] Unable to read file: ENOENT: no such file or directory, open '/workspace/boilerplate-mean-variance-standard-deviation-calculator/.git/refs/remotes/origin/main'
2025-02-14 21:50:53.945 [info] > git rev-parse refs/remotes/origin/main [2ms]
2025-02-14 21:50:53.951 [info] > git status -z -uall [3ms]
2025-02-14 21:50:53.952 [info] > git for-each-ref --sort -committerdate --format %(refname) %(objectname) %(*objectname) [2ms]
2025-02-14 21:51:02.735 [info] > git config --get commit.template [4ms]
2025-02-14 21:51:02.736 [info] > git for-each-ref --format=%(refname)%00%(upstream:short)%00%(objectname)%00%(upstream:track)%00%(upstream:remotename)%00%(upstream:remoteref) refs/heads/main refs/remotes/main [2ms]
2025-02-14 21:51:02.740 [warning] [Git][revParse] Unable to read file: ENOENT: no such file or directory, open '/workspace/boilerplate-mean-variance-standard-deviation-calculator/.git/refs/remotes/origin/main'
2025-02-14 21:51:02.741 [info] > git rev-parse refs/remotes/origin/main [1ms]
2025-02-14 21:51:02.748 [info] > git status -z -uall [3ms]
2025-02-14 21:51:02.750 [info] > git for-each-ref --sort -committerdate --format %(refname) %(objectname) %(*objectname) [2ms]
2025-02-14 21:51:07.761 [info] > git config --get commit.template [5ms]
2025-02-14 21:51:07.762 [info] > git for-each-ref --format=%(refname)%00%(upstream:short)%00%(objectname)%00%(upstream:track)%00%(upstream:remotename)%00%(upstream:remoteref) refs/heads/main refs/remotes/main [2ms]
2025-02-14 21:51:07.766 [warning] [Git][revParse] Unable to read file: ENOENT: no such file or directory, open '/workspace/boilerplate-mean-variance-standard-deviation-calculator/.git/refs/remotes/origin/main'
2025-02-14 21:51:07.767 [info] > git rev-parse refs/remotes/origin/main [1ms]
2025-02-14 21:51:07.775 [info] > git status -z -uall [5ms]
2025-02-14 21:51:07.777 [info] > git for-each-ref --sort -committerdate --format %(refname) %(objectname) %(*objectname) [3ms]
2025-02-14 21:51:12.787 [info] > git config --get commit.template [4ms]
2025-02-14 21:51:12.788 [info] > git for-each-ref --format=%(refname)%00%(upstream:short)%00%(objectname)%00%(upstream:track)%00%(upstream:remotename)%00%(upstream:remoteref) refs/heads/main refs/remotes/main [2ms]
2025-02-14 21:51:12.791 [warning] [Git][revParse] Unable to read file: ENOENT: no such file or directory, open '/workspace/boilerplate-mean-variance-standard-deviation-calculator/.git/refs/remotes/origin/main'
2025-02-14 21:51:12.793 [info] > git rev-parse refs/remotes/origin/main [2ms]
2025-02-14 21:51:12.799 [info] > git status -z -uall [3ms]
2025-02-14 21:51:12.800 [info] > git for-each-ref --sort -committerdate --format %(refname) %(objectname) %(*objectname) [1ms]
2025-02-14 21:51:17.811 [info] > git config --get commit.template [5ms]
2025-02-14 21:51:17.812 [info] > git for-each-ref --format=%(refname)%00%(upstream:short)%00%(objectname)%00%(upstream:track)%00%(upstream:remotename)%00%(upstream:remoteref) refs/heads/main refs/remotes/main [2ms]
2025-02-14 21:51:17.815 [warning] [Git][revParse] Unable to read file: ENOENT: no such file or directory, open '/workspace/boilerplate-mean-variance-standard-deviation-calculator/.git/refs/remotes/origin/main'
2025-02-14 21:51:17.817 [info] > git rev-parse refs/remotes/origin/main [2ms]
2025-02-14 21:51:17.824 [info] > git status -z -uall [4ms]
2025-02-14 21:51:17.825 [info] > git for-each-ref --sort -committerdate --format %(refname) %(objectname) %(*objectname) [2ms]
2025-02-14 21:51:22.836 [info] > git config --get commit.template [4ms]
2025-02-14 21:51:22.837 [info] > git for-each-ref --format=%(refname)%00%(upstream:short)%00%(objectname)%00%(upstream:track)%00%(upstream:remotename)%00%(upstream:remoteref) refs/heads/main refs/remotes/main [2ms]
2025-02-14 21:51:22.841 [warning] [Git][revParse] Unable to read file: ENOENT: no such file or directory, open '/workspace/boilerplate-mean-variance-standard-deviation-calculator/.git/refs/remotes/origin/main'
2025-02-14 21:51:22.843 [info] > git rev-parse refs/remotes/origin/main [2ms]
2025-02-14 21:51:22.850 [info] > git status -z -uall [5ms]
2025-02-14 21:51:22.852 [info] > git for-each-ref --sort -committerdate --format %(refname) %(objectname) %(*objectname) [3ms]
2025-02-14 21:51:39.607 [info] > git config --get commit.template [4ms]
2025-02-14 21:51:39.609 [info] > git for-each-ref --format=%(refname)%00%(upstream:short)%00%(objectname)%00%(upstream:track)%00%(upstream:remotename)%00%(upstream:remoteref) refs/heads/main refs/remotes/main [2ms]
2025-02-14 21:51:39.612 [warning] [Git][revParse] Unable to read file: ENOENT: no such file or directory, open '/workspace/boilerplate-mean-variance-standard-deviation-calculator/.git/refs/remotes/origin/main'
2025-02-14 21:51:39.614 [info] > git rev-parse refs/remotes/origin/main [2ms]
2025-02-14 21:51:39.621 [info] > git status -z -uall [4ms]
2025-02-14 21:51:39.624 [info] > git for-each-ref --sort -committerdate --format %(refname) %(objectname) %(*objectname) [3ms]
2025-02-14 21:51:47.993 [info] > git config --get commit.template [3ms]
2025-02-14 21:51:47.995 [info] > git for-each-ref --format=%(refname)%00%(upstream:short)%00%(objectname)%00%(upstream:track)%00%(upstream:remotename)%00%(upstream:remoteref) refs/heads/main refs/remotes/main [2ms]
2025-02-14 21:51:47.998 [warning] [Git][revParse] Unable to read file: ENOENT: no such file or directory, open '/workspace/boilerplate-mean-variance-standard-deviation-calculator/.git/refs/remotes/origin/main'
2025-02-14 21:51:47.999 [info] > git rev-parse refs/remotes/origin/main [1ms]
2025-02-14 21:51:48.005 [info] > git status -z -uall [3ms]
2025-02-14 21:51:48.007 [info] > git for-each-ref --sort -committerdate --format %(refname) %(objectname) %(*objectname) [2ms]
2025-02-14 21:51:53.017 [info] > git config --get commit.template [3ms]
2025-02-14 21:51:53.018 [info] > git for-each-ref --format=%(refname)%00%(upstream:short)%00%(objectname)%00%(upstream:track)%00%(upstream:remotename)%00%(upstream:remoteref) refs/heads/main refs/remotes/main [2ms]
2025-02-14 21:51:53.021 [warning] [Git][revParse] Unable to read file: ENOENT: no such file or directory, open '/workspace/boilerplate-mean-variance-standard-deviation-calculator/.git/refs/remotes/origin/main'
2025-02-14 21:51:53.023 [info] > git rev-parse refs/remotes/origin/main [2ms]
2025-02-14 21:51:53.029 [info] > git status -z -uall [3ms]
2025-02-14 21:51:53.031 [info] > git for-each-ref --sort -committerdate --format %(refname) %(objectname) %(*objectname) [2ms]
2025-02-14 21:51:58.042 [info] > git config --get commit.template [5ms]
2025-02-14 21:51:58.043 [info] > git for-each-ref --format=%(refname)%00%(upstream:short)%00%(objectname)%00%(upstream:track)%00%(upstream:remotename)%00%(upstream:remoteref) refs/heads/main refs/remotes/main [2ms]
2025-02-14 21:51:58.047 [warning] [Git][revParse] Unable to read file: ENOENT: no such file or directory, open '/workspace/boilerplate-mean-variance-standard-deviation-calculator/.git/refs/remotes/origin/main'
2025-02-14 21:51:58.049 [info] > git rev-parse refs/remotes/origin/main [2ms]
2025-02-14 21:51:58.057 [info] > git status -z -uall [4ms]
2025-02-14 21:51:58.059 [info] > git for-each-ref --sort -committerdate --format %(refname) %(objectname) %(*objectname) [2ms]
2025-02-14 21:52:12.499 [info] > git config --get commit.template [4ms]
2025-02-14 21:52:12.501 [info] > git for-each-ref --format=%(refname)%00%(upstream:short)%00%(objectname)%00%(upstream:track)%00%(upstream:remotename)%00%(upstream:remoteref) refs/heads/main refs/remotes/main [2ms]
2025-02-14 21:52:12.504 [warning] [Git][revParse] Unable to read file: ENOENT: no such file or directory, open '/workspace/boilerplate-mean-variance-standard-deviation-calculator/.git/refs/remotes/origin/main'
2025-02-14 21:52:12.506 [info] > git rev-parse refs/remotes/origin/main [2ms]
2025-02-14 21:52:12.513 [info] > git status -z -uall [4ms]
2025-02-14 21:52:12.515 [info] > git for-each-ref --sort -committerdate --format %(refname) %(objectname) %(*objectname) [2ms]
2025-02-14 21:52:17.791 [info] > git config --get commit.template [4ms]
2025-02-14 21:52:17.792 [info] > git for-each-ref --format=%(refname)%00%(upstream:short)%00%(objectname)%00%(upstream:track)%00%(upstream:remotename)%00%(upstream:remoteref) refs/heads/main refs/remotes/main [2ms]
2025-02-14 21:52:17.796 [warning] [Git][revParse] Unable to read file: ENOENT: no such file or directory, open '/workspace/boilerplate-mean-variance-standard-deviation-calculator/.git/refs/remotes/origin/main'
2025-02-14 21:52:17.798 [info] > git rev-parse refs/remotes/origin/main [2ms]
2025-02-14 21:52:17.805 [info] > git status -z -uall [4ms]
2025-02-14 21:52:17.807 [info] > git for-each-ref --sort -committerdate --format %(refname) %(objectname) %(*objectname) [2ms]
2025-02-14 21:52:22.817 [info] > git config --get commit.template [4ms]
2025-02-14 21:52:22.818 [info] > git for-each-ref --format=%(refname)%00%(upstream:short)%00%(objectname)%00%(upstream:track)%00%(upstream:remotename)%00%(upstream:remoteref) refs/heads/main refs/remotes/main [1ms]
2025-02-14 21:52:22.822 [warning] [Git][revParse] Unable to read file: ENOENT: no such file or directory, open '/workspace/boilerplate-mean-variance-standard-deviation-calculator/.git/refs/remotes/origin/main'
2025-02-14 21:52:22.823 [info] > git rev-parse refs/remotes/origin/main [1ms]
2025-02-14 21:52:22.831 [info] > git status -z -uall [4ms]
2025-02-14 21:52:22.832 [info] > git for-each-ref --sort -committerdate --format %(refname) %(objectname) %(*objectname) [2ms]
2025-02-14 21:52:27.843 [info] > git config --get commit.template [4ms]
2025-02-14 21:52:27.844 [info] > git for-each-ref --format=%(refname)%00%(upstream:short)%00%(objectname)%00%(upstream:track)%00%(upstream:remotename)%00%(upstream:remoteref) refs/heads/main refs/remotes/main [1ms]
2025-02-14 21:52:27.848 [warning] [Git][revParse] Unable to read file: ENOENT: no such file or directory, open '/workspace/boilerplate-mean-variance-standard-deviation-calculator/.git/refs/remotes/origin/main'
2025-02-14 21:52:27.850 [info] > git rev-parse refs/remotes/origin/main [2ms]
2025-02-14 21:52:27.856 [info] > git status -z -uall [3ms]
2025-02-14 21:52:27.858 [info] > git for-each-ref --sort -committerdate --format %(refname) %(objectname) %(*objectname) [2ms]
2025-02-14 21:52:33.983 [info] > git config --get commit.template [6ms]
2025-02-14 21:52:33.984 [info] > git for-each-ref --format=%(refname)%00%(upstream:short)%00%(objectname)%00%(upstream:track)%00%(upstream:remotename)%00%(upstream:remoteref) refs/heads/main refs/remotes/main [2ms]
2025-02-14 21:52:33.988 [warning] [Git][revParse] Unable to read file: ENOENT: no such file or directory, open '/workspace/boilerplate-mean-variance-standard-deviation-calculator/.git/refs/remotes/origin/main'
2025-02-14 21:52:33.990 [info] > git rev-parse refs/remotes/origin/main [2ms]
2025-02-14 21:52:33.998 [info] > git status -z -uall [4ms]
2025-02-14 21:52:34.000 [info] > git for-each-ref --sort -committerdate --format %(refname) %(objectname) %(*objectname) [2ms]
2025-02-14 21:52:39.010 [info] > git config --get commit.template [4ms]
2025-02-14 21:52:39.011 [info] > git for-each-ref --format=%(refname)%00%(upstream:short)%00%(objectname)%00%(upstream:track)%00%(upstream:remotename)%00%(upstream:remoteref) refs/heads/main refs/remotes/main [2ms]
2025-02-14 21:52:39.014 [warning] [Git][revParse] Unable to read file: ENOENT: no such file or directory, open '/workspace/boilerplate-mean-variance-standard-deviation-calculator/.git/refs/remotes/origin/main'
2025-02-14 21:52:39.016 [info] > git rev-parse refs/remotes/origin/main [2ms]
2025-02-14 21:52:39.024 [info] > git status -z -uall [5ms]
2025-02-14 21:52:39.025 [info] > git for-each-ref --sort -committerdate --format %(refname) %(objectname) %(*objectname) [2ms]
2025-02-14 21:52:44.034 [info] > git config --get commit.template [4ms]
2025-02-14 21:52:44.035 [info] > git for-each-ref --format=%(refname)%00%(upstream:short)%00%(objectname)%00%(upstream:track)%00%(upstream:remotename)%00%(upstream:remoteref) refs/heads/main refs/remotes/main [2ms]
2025-02-14 21:52:44.039 [warning] [Git][revParse] Unable to read file: ENOENT: no such file or directory, open '/workspace/boilerplate-mean-variance-standard-deviation-calculator/.git/refs/remotes/origin/main'
2025-02-14 21:52:44.040 [info] > git rev-parse refs/remotes/origin/main [1ms]
2025-02-14 21:52:44.048 [info] > git status -z -uall [4ms]
2025-02-14 21:52:44.049 [info] > git for-each-ref --sort -committerdate --format %(refname) %(objectname) %(*objectname) [2ms]
2025-02-14 21:52:49.058 [info] > git config --get commit.template [4ms]
2025-02-14 21:52:49.060 [info] > git for-each-ref --format=%(refname)%00%(upstream:short)%00%(objectname)%00%(upstream:track)%00%(upstream:remotename)%00%(upstream:remoteref) refs/heads/main refs/remotes/main [2ms]
2025-02-14 21:52:49.063 [warning] [Git][revParse] Unable to read file: ENOENT: no such file or directory, open '/workspace/boilerplate-mean-variance-standard-deviation-calculator/.git/refs/remotes/origin/main'
2025-02-14 21:52:49.064 [info] > git rev-parse refs/remotes/origin/main [1ms]
2025-02-14 21:52:49.070 [info] > git status -z -uall [3ms]
2025-02-14 21:52:49.072 [info] > git for-each-ref --sort -committerdate --format %(refname) %(objectname) %(*objectname) [2ms]
2025-02-14 21:52:54.081 [info] > git config --get commit.template [4ms]
2025-02-14 21:52:54.083 [info] > git for-each-ref --format=%(refname)%00%(upstream:short)%00%(objectname)%00%(upstream:track)%00%(upstream:remotename)%00%(upstream:remoteref) refs/heads/main refs/remotes/main [2ms]
2025-02-14 21:52:54.087 [warning] [Git][revParse] Unable to read file: ENOENT: no such file or directory, open '/workspace/boilerplate-mean-variance-standard-deviation-calculator/.git/refs/remotes/origin/main'
2025-02-14 21:52:54.088 [info] > git rev-parse refs/remotes/origin/main [1ms]
2025-02-14 21:52:54.095 [info] > git status -z -uall [4ms]
2025-02-14 21:52:54.097 [info] > git for-each-ref --sort -committerdate --format %(refname) %(objectname) %(*objectname) [2ms]
2025-02-14 21:52:59.106 [info] > git config --get commit.template [4ms]
2025-02-14 21:52:59.108 [info] > git for-each-ref --format=%(refname)%00%(upstream:short)%00%(objectname)%00%(upstream:track)%00%(upstream:remotename)%00%(upstream:remoteref) refs/heads/main refs/remotes/main [2ms]
2025-02-14 21:52:59.111 [warning] [Git][revParse] Unable to read file: ENOENT: no such file or directory, open '/workspace/boilerplate-mean-variance-standard-deviation-calculator/.git/refs/remotes/origin/main'
2025-02-14 21:52:59.113 [info] > git rev-parse refs/remotes/origin/main [2ms]
2025-02-14 21:52:59.120 [info] > git status -z -uall [4ms]
2025-02-14 21:52:59.122 [info] > git for-each-ref --sort -committerdate --format %(refname) %(objectname) %(*objectname) [3ms]
2025-02-14 21:53:04.131 [info] > git config --get commit.template [3ms]
2025-02-14 21:53:04.132 [info] > git for-each-ref --format=%(refname)%00%(upstream:short)%00%(objectname)%00%(upstream:track)%00%(upstream:remotename)%00%(upstream:remoteref) refs/heads/main refs/remotes/main [2ms]
2025-02-14 21:53:04.135 [warning] [Git][revParse] Unable to read file: ENOENT: no such file or directory, open '/workspace/boilerplate-mean-variance-standard-deviation-calculator/.git/refs/remotes/origin/main'
2025-02-14 21:53:04.137 [info] > git rev-parse refs/remotes/origin/main [2ms]
2025-02-14 21:53:04.142 [info] > git status -z -uall [3ms]
2025-02-14 21:53:04.144 [info] > git for-each-ref --sort -committerdate --format %(refname) %(objectname) %(*objectname) [2ms]
2025-02-14 21:53:09.155 [info] > git config --get commit.template [5ms]
2025-02-14 21:53:09.156 [info] > git for-each-ref --format=%(refname)%00%(upstream:short)%00%(objectname)%00%(upstream:track)%00%(upstream:remotename)%00%(upstream:remoteref) refs/heads/main refs/remotes/main [2ms]
2025-02-14 21:53:09.160 [warning] [Git][revParse] Unable to read file: ENOENT: no such file or directory, open '/workspace/boilerplate-mean-variance-standard-deviation-calculator/.git/refs/remotes/origin/main'
2025-02-14 21:53:09.162 [info] > git rev-parse refs/remotes/origin/main [2ms]
2025-02-14 21:53:09.170 [info] > git status -z -uall [5ms]
2025-02-14 21:53:09.171 [info] > git for-each-ref --sort -committerdate --format %(refname) %(objectname) %(*objectname) [2ms]
2025-02-14 21:53:14.181 [info] > git config --get commit.template [4ms]
2025-02-14 21:53:14.183 [info] > git for-each-ref --format=%(refname)%00%(upstream:short)%00%(objectname)%00%(upstream:track)%00%(upstream:remotename)%00%(upstream:remoteref) refs/heads/main refs/remotes/main [2ms]
2025-02-14 21:53:14.187 [warning] [Git][revParse] Unable to read file: ENOENT: no such file or directory, open '/workspace/boilerplate-mean-variance-standard-deviation-calculator/.git/refs/remotes/origin/main'
2025-02-14 21:53:14.188 [info] > git rev-parse refs/remotes/origin/main [1ms]
2025-02-14 21:53:14.196 [info] > git status -z -uall [4ms]
2025-02-14 21:53:14.198 [info] > git for-each-ref --sort -committerdate --format %(refname) %(objectname) %(*objectname) [2ms]
2025-02-14 21:53:19.335 [info] > git config --get commit.template [4ms]
2025-02-14 21:53:19.336 [info] > git for-each-ref --format=%(refname)%00%(upstream:short)%00%(objectname)%00%(upstream:track)%00%(upstream:remotename)%00%(upstream:remoteref) refs/heads/main refs/remotes/main [2ms]
2025-02-14 21:53:19.340 [warning] [Git][revParse] Unable to read file: ENOENT: no such file or directory, open '/workspace/boilerplate-mean-variance-standard-deviation-calculator/.git/refs/remotes/origin/main'
2025-02-14 21:53:19.342 [info] > git rev-parse refs/remotes/origin/main [2ms]
2025-02-14 21:53:19.349 [info] > git status -z -uall [4ms]
2025-02-14 21:53:19.350 [info] > git for-each-ref --sort -committerdate --format %(refname) %(objectname) %(*objectname) [2ms]
2025-02-14 21:53:24.360 [info] > git config --get commit.template [5ms]
2025-02-14 21:53:24.361 [info] > git for-each-ref --format=%(refname)%00%(upstream:short)%00%(objectname)%00%(upstream:track)%00%(upstream:remotename)%00%(upstream:remoteref) refs/heads/main refs/remotes/main [2ms]
2025-02-14 21:53:24.365 [warning] [Git][revParse] Unable to read file: ENOENT: no such file or directory, open '/workspace/boilerplate-mean-variance-standard-deviation-calculator/.git/refs/remotes/origin/main'
2025-02-14 21:53:24.366 [info] > git rev-parse refs/remotes/origin/main [1ms]
2025-02-14 21:53:24.374 [info] > git status -z -uall [4ms]
2025-02-14 21:53:24.376 [info] > git for-each-ref --sort -committerdate --format %(refname) %(objectname) %(*objectname) [2ms]
2025-02-14 21:53:29.389 [info] > git config --get commit.template [6ms]
2025-02-14 21:53:29.390 [info] > git for-each-ref --format=%(refname)%00%(upstream:short)%00%(objectname)%00%(upstream:track)%00%(upstream:remotename)%00%(upstream:remoteref) refs/heads/main refs/remotes/main [3ms]
2025-02-14 21:53:29.395 [warning] [Git][revParse] Unable to read file: ENOENT: no such file or directory, open '/workspace/boilerplate-mean-variance-standard-deviation-calculator/.git/refs/remotes/origin/main'
2025-02-14 21:53:29.397 [info] > git rev-parse refs/remotes/origin/main [2ms]
2025-02-14 21:53:29.407 [info] > git status -z -uall [5ms]
2025-02-14 21:53:29.409 [info] > git for-each-ref --sort -committerdate --format %(refname) %(objectname) %(*objectname) [2ms]
2025-02-14 21:53:34.420 [info] > git config --get commit.template [4ms]
2025-02-14 21:53:34.422 [info] > git for-each-ref --format=%(refname)%00%(upstream:short)%00%(objectname)%00%(upstream:track)%00%(upstream:remotename)%00%(upstream:remoteref) refs/heads/main refs/remotes/main [2ms]
2025-02-14 21:53:34.426 [warning] [Git][revParse] Unable to read file: ENOENT: no such file or directory, open '/workspace/boilerplate-mean-variance-standard-deviation-calculator/.git/refs/remotes/origin/main'
2025-02-14 21:53:34.427 [info] > git rev-parse refs/remotes/origin/main [1ms]
2025-02-14 21:53:34.435 [info] > git status -z -uall [4ms]
2025-02-14 21:53:34.437 [info] > git for-each-ref --sort -committerdate --format %(refname) %(objectname) %(*objectname) [2ms]
2025-02-14 21:53:48.344 [info] > git config --get commit.template [4ms]
2025-02-14 21:53:48.345 [info] > git for-each-ref --format=%(refname)%00%(upstream:short)%00%(objectname)%00%(upstream:track)%00%(upstream:remotename)%00%(upstream:remoteref) refs/heads/main refs/remotes/main [2ms]
2025-02-14 21:53:48.348 [warning] [Git][revParse] Unable to read file: ENOENT: no such file or directory, open '/workspace/boilerplate-mean-variance-standard-deviation-calculator/.git/refs/remotes/origin/main'
2025-02-14 21:53:48.350 [info] > git rev-parse refs/remotes/origin/main [1ms]
2025-02-14 21:53:48.355 [info] > git status -z -uall [3ms]
2025-02-14 21:53:48.357 [info] > git for-each-ref --sort -committerdate --format %(refname) %(objectname) %(*objectname) [2ms]
2025-02-14 21:54:05.168 [info] > git show --textconv :mean_var_std.py [4ms]
2025-02-14 21:54:05.170 [info] > git ls-files --stage -- /workspace/boilerplate-mean-variance-standard-deviation-calculator/mean_var_std.py [2ms]
2025-02-14 21:54:05.175 [info] > git cat-file -s f9d4d6deef5ea7444ebd6bcd58a3422b7e3d9fcf [2ms]
2025-02-14 21:54:18.768 [info] > git show --textconv :mean_var_std.py [3ms]
2025-02-14 21:54:18.770 [info] > git ls-files --stage -- /workspace/boilerplate-mean-variance-standard-deviation-calculator/mean_var_std.py [2ms]
2025-02-14 21:54:18.775 [info] > git cat-file -s f9d4d6deef5ea7444ebd6bcd58a3422b7e3d9fcf [2ms]
2025-02-14 21:55:30.180 [info] > git config --get commit.template [5ms]
2025-02-14 21:55:30.182 [info] > git for-each-ref --format=%(refname)%00%(upstream:short)%00%(objectname)%00%(upstream:track)%00%(upstream:remotename)%00%(upstream:remoteref) refs/heads/main refs/remotes/main [3ms]
2025-02-14 21:55:30.186 [warning] [Git][revParse] Unable to read file: ENOENT: no such file or directory, open '/workspace/boilerplate-mean-variance-standard-deviation-calculator/.git/refs/remotes/origin/main'
2025-02-14 21:55:30.188 [info] > git rev-parse refs/remotes/origin/main [2ms]
2025-02-14 21:55:30.196 [info] > git status -z -uall [5ms]
2025-02-14 21:55:30.198 [info] > git for-each-ref --sort -committerdate --format %(refname) %(objectname) %(*objectname) [2ms]
2025-02-14 21:56:01.809 [info] > git config --get commit.template [5ms]
2025-02-14 21:56:01.810 [info] > git for-each-ref --format=%(refname)%00%(upstream:short)%00%(objectname)%00%(upstream:track)%00%(upstream:remotename)%00%(upstream:remoteref) refs/heads/main refs/remotes/main [2ms]
2025-02-14 21:56:01.813 [warning] [Git][revParse] Unable to read file: ENOENT: no such file or directory, open '/workspace/boilerplate-mean-variance-standard-deviation-calculator/.git/refs/remotes/origin/main'
2025-02-14 21:56:01.816 [info] > git rev-parse refs/remotes/origin/main [3ms]
2025-02-14 21:56:01.822 [info] > git status -z -uall [3ms]
2025-02-14 21:56:01.824 [info] > git for-each-ref --sort -committerdate --format %(refname) %(objectname) %(*objectname) [2ms]
2025-02-14 21:56:24.982 [info] > git config --get commit.template [4ms]
2025-02-14 21:56:24.983 [info] > git for-each-ref --format=%(refname)%00%(upstream:short)%00%(objectname)%00%(upstream:track)%00%(upstream:remotename)%00%(upstream:remoteref) refs/heads/main refs/remotes/main [2ms]
2025-02-14 21:56:24.987 [warning] [Git][revParse] Unable to read file: ENOENT: no such file or directory, open '/workspace/boilerplate-mean-variance-standard-deviation-calculator/.git/refs/remotes/origin/main'
2025-02-14 21:56:24.989 [info] > git rev-parse refs/remotes/origin/main [2ms]
2025-02-14 21:56:24.996 [info] > git status -z -uall [3ms]
2025-02-14 21:56:24.998 [info] > git for-each-ref --sort -committerdate --format %(refname) %(objectname) %(*objectname) [2ms]
2025-02-14 21:56:30.009 [info] > git config --get commit.template [5ms]
2025-02-14 21:56:30.011 [info] > git for-each-ref --format=%(refname)%00%(upstream:short)%00%(objectname)%00%(upstream:track)%00%(upstream:remotename)%00%(upstream:remoteref) refs/heads/main refs/remotes/main [2ms]
2025-02-14 21:56:30.015 [warning] [Git][revParse] Unable to read file: ENOENT: no such file or directory, open '/workspace/boilerplate-mean-variance-standard-deviation-calculator/.git/refs/remotes/origin/main'
2025-02-14 21:56:30.017 [info] > git rev-parse refs/remotes/origin/main [2ms]
2025-02-14 21:56:30.025 [info] > git status -z -uall [5ms]
2025-02-14 21:56:30.026 [info] > git for-each-ref --sort -committerdate --format %(refname) %(objectname) %(*objectname) [2ms]
2025-02-14 21:56:47.596 [info] > git config --get commit.template [4ms]
2025-02-14 21:56:47.598 [info] > git for-each-ref --format=%(refname)%00%(upstream:short)%00%(objectname)%00%(upstream:track)%00%(upstream:remotename)%00%(upstream:remoteref) refs/heads/main refs/remotes/main [3ms]
2025-02-14 21:56:47.602 [warning] [Git][revParse] Unable to read file: ENOENT: no such file or directory, open '/workspace/boilerplate-mean-variance-standard-deviation-calculator/.git/refs/remotes/origin/main'
2025-02-14 21:56:47.604 [info] > git rev-parse refs/remotes/origin/main [2ms]
2025-02-14 21:56:47.614 [info] > git status -z -uall [5ms]
2025-02-14 21:56:47.616 [info] > git for-each-ref --sort -committerdate --format %(refname) %(objectname) %(*objectname) [2ms]
2025-02-14 21:56:52.628 [info] > git config --get commit.template [4ms]
2025-02-14 21:56:52.630 [info] > git for-each-ref --format=%(refname)%00%(upstream:short)%00%(objectname)%00%(upstream:track)%00%(upstream:remotename)%00%(upstream:remoteref) refs/heads/main refs/remotes/main [2ms]
2025-02-14 21:56:52.634 [warning] [Git][revParse] Unable to read file: ENOENT: no such file or directory, open '/workspace/boilerplate-mean-variance-standard-deviation-calculator/.git/refs/remotes/origin/main'
2025-02-14 21:56:52.635 [info] > git rev-parse refs/remotes/origin/main [1ms]
2025-02-14 21:56:52.644 [info] > git status -z -uall [5ms]
2025-02-14 21:56:52.645 [info] > git for-each-ref --sort -committerdate --format %(refname) %(objectname) %(*objectname) [2ms]
2025-02-14 21:56:57.656 [info] > git config --get commit.template [5ms]
2025-02-14 21:56:57.658 [info] > git for-each-ref --format=%(refname)%00%(upstream:short)%00%(objectname)%00%(upstream:track)%00%(upstream:remotename)%00%(upstream:remoteref) refs/heads/main refs/remotes/main [2ms]
2025-02-14 21:56:57.661 [warning] [Git][revParse] Unable to read file: ENOENT: no such file or directory, open '/workspace/boilerplate-mean-variance-standard-deviation-calculator/.git/refs/remotes/origin/main'
2025-02-14 21:56:57.663 [info] > git rev-parse refs/remotes/origin/main [2ms]
2025-02-14 21:56:57.670 [info] > git status -z -uall [4ms]
2025-02-14 21:56:57.671 [info] > git for-each-ref --sort -committerdate --format %(refname) %(objectname) %(*objectname) [2ms]
2025-02-14 21:57:28.101 [info] > git config --get commit.template [6ms]
2025-02-14 21:57:28.102 [info] > git for-each-ref --format=%(refname)%00%(upstream:short)%00%(objectname)%00%(upstream:track)%00%(upstream:remotename)%00%(upstream:remoteref) refs/heads/main refs/remotes/main [3ms]
2025-02-14 21:57:28.105 [warning] [Git][revParse] Unable to read file: ENOENT: no such file or directory, open '/workspace/boilerplate-mean-variance-standard-deviation-calculator/.git/refs/remotes/origin/main'
2025-02-14 21:57:28.106 [info] > git rev-parse refs/remotes/origin/main [1ms]
2025-02-14 21:57:28.113 [info] > git status -z -uall [4ms]
2025-02-14 21:57:28.115 [info] > git for-each-ref --sort -committerdate --format %(refname) %(objectname) %(*objectname) [1ms]
2025-02-14 21:57:34.721 [info] > git config --get commit.template [4ms]
2025-02-14 21:57:34.723 [info] > git for-each-ref --format=%(refname)%00%(upstream:short)%00%(objectname)%00%(upstream:track)%00%(upstream:remotename)%00%(upstream:remoteref) refs/heads/main refs/remotes/main [2ms]
2025-02-14 21:57:34.726 [warning] [Git][revParse] Unable to read file: ENOENT: no such file or directory, open '/workspace/boilerplate-mean-variance-standard-deviation-calculator/.git/refs/remotes/origin/main'
2025-02-14 21:57:34.728 [info] > git rev-parse refs/remotes/origin/main [2ms]
2025-02-14 21:57:34.736 [info] > git status -z -uall [5ms]
2025-02-14 21:57:34.737 [info] > git for-each-ref --sort -committerdate --format %(refname) %(objectname) %(*objectname) [2ms]
2025-02-14 22:01:01.972 [info] > git config --get commit.template [4ms]
2025-02-14 22:01:01.973 [info] > git for-each-ref --format=%(refname)%00%(upstream:short)%00%(objectname)%00%(upstream:track)%00%(upstream:remotename)%00%(upstream:remoteref) refs/heads/main refs/remotes/main [2ms]
2025-02-14 22:01:01.977 [warning] [Git][revParse] Unable to read file: ENOENT: no such file or directory, open '/workspace/boilerplate-mean-variance-standard-deviation-calculator/.git/refs/remotes/origin/main'
2025-02-14 22:01:01.979 [info] > git rev-parse refs/remotes/origin/main [1ms]
2025-02-14 22:01:01.987 [info] > git status -z -uall [5ms]
2025-02-14 22:01:01.988 [info] > git for-each-ref --sort -committerdate --format %(refname) %(objectname) %(*objectname) [2ms]
2025-02-14 22:01:02.761 [info] > git ls-files --stage -- /workspace/boilerplate-mean-variance-standard-deviation-calculator/mean_var_std.py [2ms]
2025-02-14 22:01:02.766 [info] > git cat-file -s d1e65a8591020036cf6a558b145b646cdbf6859c [2ms]
2025-02-14 22:01:03.009 [info] > git show --textconv :mean_var_std.py [2ms]
2025-02-14 22:01:03.314 [info] > git show --textconv HEAD:mean_var_std.py [5ms]
2025-02-14 22:01:03.315 [info] > git ls-tree -l HEAD -- /workspace/boilerplate-mean-variance-standard-deviation-calculator/mean_var_std.py [2ms]
2025-02-14 22:01:18.281 [info] > git config --get commit.template [4ms]
2025-02-14 22:01:18.282 [info] > git for-each-ref --format=%(refname)%00%(upstream:short)%00%(objectname)%00%(upstream:track)%00%(upstream:remotename)%00%(upstream:remoteref) refs/heads/main refs/remotes/main [2ms]
2025-02-14 22:01:18.286 [warning] [Git][revParse] Unable to read file: ENOENT: no such file or directory, open '/workspace/boilerplate-mean-variance-standard-deviation-calculator/.git/refs/remotes/origin/main'
2025-02-14 22:01:18.287 [info] > git rev-parse refs/remotes/origin/main [2ms]
2025-02-14 22:01:18.294 [info] > git status -z -uall [4ms]
2025-02-14 22:01:18.295 [info] > git for-each-ref --sort -committerdate --format %(refname) %(objectname) %(*objectname) [2ms]
2025-02-14 22:01:18.305 [info] > git blame --root --incremental 5ca8782dfab606d28b9cba600cd6b7db06c6cb78 -- /workspace/boilerplate-mean-variance-standard-deviation-calculator/mean_var_std.py [5ms]
2025-02-14 22:01:18.306 [info] > git merge-base refs/heads/main refs/remotes/origin/main [2ms]
2025-02-14 22:01:18.312 [info] > git diff --name-status -z --diff-filter=ADMR 126bb94a8f8f4535ddcfe5452e188a4625062059...refs/remotes/origin/main [2ms]
2025-02-14 22:01:18.571 [info] > git config --local branch.main.github-pr-owner-number [2ms]
2025-02-14 22:01:18.571 [warning] [Git][config] git config failed: Failed to execute git
2025-02-14 22:01:18.616 [info] > git ls-files --stage -- /workspace/boilerplate-mean-variance-standard-deviation-calculator/mean_var_std.py [4ms]
2025-02-14 22:01:18.620 [info] > git ls-tree -l HEAD -- /workspace/boilerplate-mean-variance-standard-deviation-calculator/mean_var_std.py [5ms]
2025-02-14 22:01:18.621 [info] > git cat-file -s d1e65a8591020036cf6a558b145b646cdbf6859c [2ms]
2025-02-14 22:01:18.867 [info] > git show --textconv HEAD:mean_var_std.py [2ms]
2025-02-14 22:01:18.874 [info] > git show --textconv :mean_var_std.py [2ms]
2025-02-14 22:02:43.407 [info] > git show --textconv :mean_var_std.py [5ms]
2025-02-14 22:02:43.408 [info] > git ls-files --stage -- /workspace/boilerplate-mean-variance-standard-deviation-calculator/mean_var_std.py [2ms]
2025-02-14 22:02:43.414 [info] > git cat-file -s d1e65a8591020036cf6a558b145b646cdbf6859c [2ms]
2025-02-14 22:04:39.732 [info] > git show --textconv :mean_var_std.py [4ms]
2025-02-14 22:04:39.734 [info] > git ls-files --stage -- /workspace/boilerplate-mean-variance-standard-deviation-calculator/mean_var_std.py [2ms]
2025-02-14 22:04:39.739 [info] > git cat-file -s d1e65a8591020036cf6a558b145b646cdbf6859c [2ms]
