2025-02-14 21:45:26.485 [info] Log level: Info
2025-02-14 21:45:26.508 [info] VSCODE_MACHINE_ID: c5c5b70c-6b6c-4aa2-bef5-5f14bd04ed42
2025-02-14 21:45:26.508 [info] VSCODE_SESSION_ID: d4ab0d1c-e885-4f81-a433-57179b3b4ff01739569519580
2025-02-14 21:45:26.508 [info] VSCODE_VERSION: 1.96.3
2025-02-14 21:45:26.508 [info] VSCODE_APP_NAME: Gitpod Code
2025-02-14 21:45:26.508 [info] VSCODE_APP_HOST: Gitpod
2025-02-14 21:45:26.508 [info] VSCODE_UI_KIND: web
2025-02-14 21:45:26.508 [info] GITPOD_WORKSPACE_CONTEXT_URL: https://github.com/freeCodeCamp/boilerplate-mean-variance-standard-deviation-calculator/
2025-02-14 21:45:26.508 [info] GITPOD_INSTANCE_ID: 636d5b45-71e3-4889-86a3-cbc86da8f4d3
2025-02-14 21:45:26.508 [info] GITPOD_WORKSPACE_URL: https://freecodecam-boilerplate-j9qltcn1a4i.ws-us117.gitpod.io
2025-02-14 21:45:26.516 [info] Gitpod Web 3953e81
2025-02-14 21:45:26.516 [info] Reading sessions from keychain...
2025-02-14 21:45:26.899 [info] Getting sessions for all scopes...
2025-02-14 21:45:26.899 [info] Getting sessions for all scopes...
2025-02-14 21:45:26.899 [info] Getting GitHub sessions for all scopes...
2025-02-14 21:45:26.899 [info] Getting sessions for function:accessCodeSyncStorage...
2025-02-14 21:45:26.899 [info] Got 1 GitHub sessions for all scopes...
2025-02-14 21:45:26.899 [info] Got stored sessions!
2025-02-14 21:45:26.899 [info] Verified session with the following scopes: function:accessCodeSyncStorage function:closePort function:controlAdmission function:deleteEnvVar function:generateNewGitpodToken function:getDefaultWorkspaceImage function:getGitpodTokenScopes function:getIDToken function:getLoggedInUser function:getOpenPorts function:getSupportedWorkspaceClasses function:getTeams function:getToken function:getWorkspace function:getWorkspaceEnvVars function:getWorkspaceOwner function:getWorkspaceTimeout function:getWorkspaceUsers function:guessGitTokenScopes function:isWorkspaceOwner function:openPort function:sendHeartBeat function:setEnvVar function:setWorkspaceTimeout function:stopWorkspace function:takeSnapshot function:trackEvent function:updateGitStatus function:waitForSnapshot resource:contentBlob::*::create/get resource:envVar::*/**::update resource:envVar::*/*::update resource:envVar::freeCodeCamp/boilerplate-mean-variance-standard-deviation-calculator::create/get/update/delete resource:gitpodToken::*::create resource:snapshot::ws-freecodecam-boilerplate-j9qltcn1a4i::create resource:token::*::get resource:userStorage::*::create/get/update resource:workspace::freecodecam-boilerplate-j9qltcn1a4i::get/update resource:workspaceInstance::636d5b45-71e3-4889-86a3-cbc86da8f4d3::get/update/delete
2025-02-14 21:45:26.900 [info] Got 1 verified sessions.
2025-02-14 21:45:26.900 [info] Got 1 sessions for all scopes...
2025-02-14 21:45:26.900 [info] Got 1 sessions for all scopes...
2025-02-14 21:45:26.900 [info] Got 1 sessions for function:accessCodeSyncStorage...
2025-02-14 21:45:27.351 [info] Getting GitHub sessions for all scopes...
2025-02-14 21:45:27.351 [info] Getting GitHub sessions for all scopes...
2025-02-14 21:45:27.351 [info] Getting sessions for all scopes...
2025-02-14 21:45:27.351 [info] Got 1 GitHub sessions for all scopes...
2025-02-14 21:45:27.351 [info] Got 1 GitHub sessions for all scopes...
2025-02-14 21:45:27.351 [info] Got 1 sessions for all scopes...
2025-02-14 21:45:28.874 [info] Getting GitHub sessions for read:user,repo,user:email,workflow...
2025-02-14 21:45:28.874 [info] Got 0 GitHub sessions for read:user,repo,user:email,workflow...
2025-02-14 21:45:30.120 [info] Getting GitHub sessions for project,read:org,read:user,repo,user:email,workflow...
2025-02-14 21:45:30.120 [info] Got 0 GitHub sessions for project,read:org,read:user,repo,user:email,workflow...
2025-02-14 21:45:31.031 [info] Getting GitHub sessions for read:user,repo,user:email,workflow...
2025-02-14 21:45:31.031 [info] Got 0 GitHub sessions for read:user,repo,user:email,workflow...
2025-02-14 21:45:31.726 [info] Getting GitHub sessions for read:user,repo,user:email...
2025-02-14 21:45:31.726 [info] Got 0 GitHub sessions for read:user,repo,user:email...
2025-02-14 21:45:32.433 [info] Getting GitHub sessions for read:user,repo,user:email,workflow...
2025-02-14 21:45:32.433 [info] Got 0 GitHub sessions for read:user,repo,user:email,workflow...
2025-02-14 22:00:11.470 [info] Getting GitHub sessions for project,read:org,read:user,repo,user:email,workflow...
2025-02-14 22:00:11.470 [info] Got 0 GitHub sessions for project,read:org,read:user,repo,user:email,workflow...
2025-02-14 22:00:12.316 [info] Getting GitHub sessions for read:user,repo,user:email,workflow...
2025-02-14 22:00:12.316 [info] Got 0 GitHub sessions for read:user,repo,user:email,workflow...
2025-02-14 22:00:13.150 [info] Getting GitHub sessions for read:user,repo,user:email...
2025-02-14 22:00:13.150 [info] Got 0 GitHub sessions for read:user,repo,user:email...
2025-02-14 22:00:14.330 [info] Getting GitHub sessions for read:user,repo,user:email,workflow...
2025-02-14 22:00:14.331 [info] Got 0 GitHub sessions for read:user,repo,user:email,workflow...
2025-02-14 22:00:19.759 [error] GitHub sign in failed:  5 NOT_FOUND: no token available
2025-02-14 22:04:36.440 [error] e5763dc1-a60a-4b0d-8b62-9a6bb940771a terminal: shutdown failed: 4 DEADLINE_EXCEEDED: Deadline exceeded
